{"C:\\Users\\eriki\\Desktop\\TFG\\filmsage-backend\\src\\config\\db.js": {"path":"C:\\Users\\eriki\\Desktop\\TFG\\filmsage-backend\\src\\config\\db.js","statementMap":{"0":{"start":{"line":18,"column":25},"end":{"line":26,"column":1}},"1":{"start":{"line":19,"column":4},"end":{"line":25,"column":5}},"2":{"start":{"line":20,"column":24},"end":{"line":20,"column":166}},"3":{"start":{"line":21,"column":8},"end":{"line":21,"column":68}},"4":{"start":{"line":23,"column":8},"end":{"line":23,"column":46}},"5":{"start":{"line":24,"column":8},"end":{"line":24,"column":23}}},"fnMap":{"0":{"name":"(anonymous_0)","decl":{"start":{"line":18,"column":25},"end":{"line":18,"column":26}},"loc":{"start":{"line":18,"column":37},"end":{"line":26,"column":1}},"line":18}},"branchMap":{},"s":{"0":0,"1":0,"2":0,"3":0,"4":0,"5":0},"f":{"0":0},"b":{},"inputSourceMap":null}
,"C:\\Users\\eriki\\Desktop\\TFG\\filmsage-backend\\src\\config\\gemini.js": {"path":"C:\\Users\\eriki\\Desktop\\TFG\\filmsage-backend\\src\\config\\gemini.js","statementMap":{"0":{"start":{"line":16,"column":14},"end":{"line":16,"column":64}}},"fnMap":{},"branchMap":{},"s":{"0":0},"f":{},"b":{},"inputSourceMap":null}
,"C:\\Users\\eriki\\Desktop\\TFG\\filmsage-backend\\src\\config\\jwt.config.js": {"path":"C:\\Users\\eriki\\Desktop\\TFG\\filmsage-backend\\src\\config\\jwt.config.js","statementMap":{"0":{"start":{"line":11,"column":0},"end":{"line":11,"column":16}},"1":{"start":{"line":17,"column":19},"end":{"line":17,"column":62}},"2":{"start":{"line":23,"column":23},"end":{"line":23,"column":28}},"3":{"start":{"line":40,"column":29},"end":{"line":50,"column":1}},"4":{"start":{"line":41,"column":2},"end":{"line":49,"column":4}},"5":{"start":{"line":66,"column":27},"end":{"line":72,"column":1}},"6":{"start":{"line":67,"column":2},"end":{"line":71,"column":3}},"7":{"start":{"line":68,"column":4},"end":{"line":68,"column":41}},"8":{"start":{"line":70,"column":4},"end":{"line":70,"column":37}}},"fnMap":{"0":{"name":"(anonymous_0)","decl":{"start":{"line":40,"column":29},"end":{"line":40,"column":30}},"loc":{"start":{"line":40,"column":39},"end":{"line":50,"column":1}},"line":40},"1":{"name":"(anonymous_1)","decl":{"start":{"line":66,"column":27},"end":{"line":66,"column":28}},"loc":{"start":{"line":66,"column":38},"end":{"line":72,"column":1}},"line":66}},"branchMap":{"0":{"loc":{"start":{"line":17,"column":19},"end":{"line":17,"column":62}},"type":"binary-expr","locations":[{"start":{"line":17,"column":19},"end":{"line":17,"column":41}},{"start":{"line":17,"column":45},"end":{"line":17,"column":62}}],"line":17}},"s":{"0":1,"1":1,"2":1,"3":1,"4":0,"5":1,"6":3,"7":3,"8":3},"f":{"0":0,"1":3},"b":{"0":[1,0]},"inputSourceMap":null,"_coverageSchema":"1a1c01bbd47fc00a2c39e90264f33305004495a9","hash":"c3b2664a6bbd934bc2323cc041a5b8c62de6e81d"}
,"C:\\Users\\eriki\\Desktop\\TFG\\filmsage-backend\\src\\controllers\\recommendationController.js": {"path":"C:\\Users\\eriki\\Desktop\\TFG\\filmsage-backend\\src\\controllers\\recommendationController.js","statementMap":{"0":{"start":{"line":24,"column":27},"end":{"line":60,"column":1}},"1":{"start":{"line":25,"column":4},"end":{"line":59,"column":5}},"2":{"start":{"line":27,"column":57},"end":{"line":27,"column":65}},"3":{"start":{"line":29,"column":8},"end":{"line":34,"column":9}},"4":{"start":{"line":30,"column":12},"end":{"line":33,"column":15}},"5":{"start":{"line":36,"column":8},"end":{"line":41,"column":9}},"6":{"start":{"line":37,"column":12},"end":{"line":40,"column":15}},"7":{"start":{"line":43,"column":8},"end":{"line":43,"column":130}},"8":{"start":{"line":44,"column":32},"end":{"line":44,"column":108}},"9":{"start":{"line":46,"column":8},"end":{"line":52,"column":11}},"10":{"start":{"line":54,"column":8},"end":{"line":54,"column":61}},"11":{"start":{"line":55,"column":8},"end":{"line":58,"column":11}}},"fnMap":{"0":{"name":"(anonymous_0)","decl":{"start":{"line":24,"column":27},"end":{"line":24,"column":28}},"loc":{"start":{"line":24,"column":47},"end":{"line":60,"column":1}},"line":24}},"branchMap":{"0":{"loc":{"start":{"line":27,"column":33},"end":{"line":27,"column":52}},"type":"default-arg","locations":[{"start":{"line":27,"column":50},"end":{"line":27,"column":52}}],"line":27},"1":{"loc":{"start":{"line":29,"column":8},"end":{"line":34,"column":9}},"type":"if","locations":[{"start":{"line":29,"column":8},"end":{"line":34,"column":9}},{"start":{},"end":{}}],"line":29},"2":{"loc":{"start":{"line":29,"column":12},"end":{"line":29,"column":47}},"type":"binary-expr","locations":[{"start":{"line":29,"column":12},"end":{"line":29,"column":20}},{"start":{"line":29,"column":24},"end":{"line":29,"column":47}}],"line":29},"3":{"loc":{"start":{"line":36,"column":8},"end":{"line":41,"column":9}},"type":"if","locations":[{"start":{"line":36,"column":8},"end":{"line":41,"column":9}},{"start":{},"end":{}}],"line":36},"4":{"loc":{"start":{"line":50,"column":20},"end":{"line":50,"column":45}},"type":"binary-expr","locations":[{"start":{"line":50,"column":20},"end":{"line":50,"column":26}},{"start":{"line":50,"column":30},"end":{"line":50,"column":45}}],"line":50}},"s":{"0":0,"1":0,"2":0,"3":0,"4":0,"5":0,"6":0,"7":0,"8":0,"9":0,"10":0,"11":0},"f":{"0":0},"b":{"0":[0],"1":[0,0],"2":[0,0],"3":[0,0],"4":[0,0]},"inputSourceMap":null}
,"C:\\Users\\eriki\\Desktop\\TFG\\filmsage-backend\\src\\controllers\\review.controller.js": {"path":"C:\\Users\\eriki\\Desktop\\TFG\\filmsage-backend\\src\\controllers\\review.controller.js","statementMap":{"0":{"start":{"line":10,"column":25},"end":{"line":569,"column":1}},"1":{"start":{"line":28,"column":4},"end":{"line":70,"column":5}},"2":{"start":{"line":38,"column":10},"end":{"line":38,"column":18}},"3":{"start":{"line":40,"column":19},"end":{"line":40,"column":55}},"4":{"start":{"line":41,"column":6},"end":{"line":43,"column":7}},"5":{"start":{"line":42,"column":8},"end":{"line":42,"column":67}},"6":{"start":{"line":45,"column":29},"end":{"line":45,"column":85}},"7":{"start":{"line":46,"column":6},"end":{"line":50,"column":7}},"8":{"start":{"line":47,"column":8},"end":{"line":49,"column":11}},"9":{"start":{"line":52,"column":24},"end":{"line":61,"column":8}},"10":{"start":{"line":63,"column":6},"end":{"line":66,"column":9}},"11":{"start":{"line":68,"column":6},"end":{"line":68,"column":53}},"12":{"start":{"line":69,"column":6},"end":{"line":69,"column":79}},"13":{"start":{"line":81,"column":4},"end":{"line":88,"column":5}},"14":{"start":{"line":82,"column":22},"end":{"line":82,"column":80}},"15":{"start":{"line":84,"column":6},"end":{"line":84,"column":40}},"16":{"start":{"line":86,"column":6},"end":{"line":86,"column":54}},"17":{"start":{"line":87,"column":6},"end":{"line":87,"column":79}},"18":{"start":{"line":101,"column":4},"end":{"line":114,"column":5}},"19":{"start":{"line":102,"column":21},"end":{"line":102,"column":31}},"20":{"start":{"line":104,"column":21},"end":{"line":104,"column":102}},"21":{"start":{"line":106,"column":6},"end":{"line":108,"column":7}},"22":{"start":{"line":107,"column":8},"end":{"line":107,"column":69}},"23":{"start":{"line":110,"column":6},"end":{"line":110,"column":39}},"24":{"start":{"line":112,"column":6},"end":{"line":112,"column":53}},"25":{"start":{"line":113,"column":6},"end":{"line":113,"column":78}},"26":{"start":{"line":128,"column":4},"end":{"line":141,"column":5}},"27":{"start":{"line":129,"column":38},"end":{"line":129,"column":48}},"28":{"start":{"line":131,"column":22},"end":{"line":135,"column":45}},"29":{"start":{"line":137,"column":6},"end":{"line":137,"column":40}},"30":{"start":{"line":139,"column":6},"end":{"line":139,"column":54}},"31":{"start":{"line":140,"column":6},"end":{"line":140,"column":79}},"32":{"start":{"line":160,"column":4},"end":{"line":192,"column":5}},"33":{"start":{"line":161,"column":21},"end":{"line":161,"column":31}},"34":{"start":{"line":162,"column":53},"end":{"line":162,"column":61}},"35":{"start":{"line":164,"column":21},"end":{"line":164,"column":54}},"36":{"start":{"line":165,"column":6},"end":{"line":167,"column":7}},"37":{"start":{"line":166,"column":8},"end":{"line":166,"column":69}},"38":{"start":{"line":169,"column":6},"end":{"line":171,"column":7}},"39":{"start":{"line":170,"column":8},"end":{"line":170,"column":89}},"40":{"start":{"line":173,"column":25},"end":{"line":173,"column":27}},"41":{"start":{"line":174,"column":6},"end":{"line":174,"column":56}},"42":{"start":{"line":174,"column":31},"end":{"line":174,"column":56}},"43":{"start":{"line":175,"column":6},"end":{"line":175,"column":62}},"44":{"start":{"line":175,"column":33},"end":{"line":175,"column":62}},"45":{"start":{"line":176,"column":6},"end":{"line":176,"column":59}},"46":{"start":{"line":176,"column":32},"end":{"line":176,"column":59}},"47":{"start":{"line":177,"column":6},"end":{"line":177,"column":71}},"48":{"start":{"line":177,"column":36},"end":{"line":177,"column":71}},"49":{"start":{"line":179,"column":28},"end":{"line":183,"column":7}},"50":{"start":{"line":185,"column":6},"end":{"line":188,"column":9}},"51":{"start":{"line":190,"column":6},"end":{"line":190,"column":53}},"52":{"start":{"line":191,"column":6},"end":{"line":191,"column":78}},"53":{"start":{"line":206,"column":4},"end":{"line":240,"column":5}},"54":{"start":{"line":207,"column":21},"end":{"line":207,"column":31}},"55":{"start":{"line":208,"column":26},"end":{"line":208,"column":34}},"56":{"start":{"line":210,"column":21},"end":{"line":210,"column":54}},"57":{"start":{"line":211,"column":6},"end":{"line":213,"column":7}},"58":{"start":{"line":212,"column":8},"end":{"line":212,"column":69}},"59":{"start":{"line":215,"column":27},"end":{"line":215,"column":79}},"60":{"start":{"line":216,"column":6},"end":{"line":218,"column":7}},"61":{"start":{"line":217,"column":8},"end":{"line":217,"column":67}},"62":{"start":{"line":221,"column":6},"end":{"line":221,"column":68}},"63":{"start":{"line":224,"column":6},"end":{"line":234,"column":7}},"64":{"start":{"line":225,"column":8},"end":{"line":228,"column":10}},"65":{"start":{"line":230,"column":8},"end":{"line":233,"column":10}},"66":{"start":{"line":236,"column":6},"end":{"line":236,"column":69}},"67":{"start":{"line":238,"column":6},"end":{"line":238,"column":51}},"68":{"start":{"line":239,"column":6},"end":{"line":239,"column":76}},"69":{"start":{"line":256,"column":4},"end":{"line":282,"column":5}},"70":{"start":{"line":257,"column":28},"end":{"line":257,"column":38}},"71":{"start":{"line":258,"column":26},"end":{"line":258,"column":34}},"72":{"start":{"line":260,"column":22},"end":{"line":260,"column":69}},"73":{"start":{"line":261,"column":6},"end":{"line":263,"column":7}},"74":{"start":{"line":262,"column":8},"end":{"line":262,"column":70}},"75":{"start":{"line":265,"column":6},"end":{"line":267,"column":7}},"76":{"start":{"line":266,"column":8},"end":{"line":266,"column":90}},"77":{"start":{"line":269,"column":29},"end":{"line":273,"column":7}},"78":{"start":{"line":275,"column":6},"end":{"line":278,"column":9}},"79":{"start":{"line":280,"column":6},"end":{"line":280,"column":54}},"80":{"start":{"line":281,"column":6},"end":{"line":281,"column":79}},"81":{"start":{"line":296,"column":4},"end":{"line":313,"column":5}},"82":{"start":{"line":297,"column":28},"end":{"line":297,"column":38}},"83":{"start":{"line":299,"column":22},"end":{"line":299,"column":69}},"84":{"start":{"line":300,"column":6},"end":{"line":302,"column":7}},"85":{"start":{"line":301,"column":8},"end":{"line":301,"column":70}},"86":{"start":{"line":304,"column":6},"end":{"line":306,"column":7}},"87":{"start":{"line":305,"column":8},"end":{"line":305,"column":90}},"88":{"start":{"line":308,"column":6},"end":{"line":308,"column":63}},"89":{"start":{"line":309,"column":6},"end":{"line":309,"column":72}},"90":{"start":{"line":311,"column":6},"end":{"line":311,"column":54}},"91":{"start":{"line":312,"column":6},"end":{"line":312,"column":79}},"92":{"start":{"line":327,"column":4},"end":{"line":348,"column":5}},"93":{"start":{"line":328,"column":21},"end":{"line":328,"column":31}},"94":{"start":{"line":330,"column":6},"end":{"line":332,"column":7}},"95":{"start":{"line":331,"column":8},"end":{"line":331,"column":86}},"96":{"start":{"line":334,"column":21},"end":{"line":334,"column":54}},"97":{"start":{"line":335,"column":6},"end":{"line":337,"column":7}},"98":{"start":{"line":336,"column":8},"end":{"line":336,"column":69}},"99":{"start":{"line":339,"column":6},"end":{"line":342,"column":8}},"100":{"start":{"line":344,"column":6},"end":{"line":344,"column":72}},"101":{"start":{"line":346,"column":6},"end":{"line":346,"column":54}},"102":{"start":{"line":347,"column":6},"end":{"line":347,"column":79}},"103":{"start":{"line":362,"column":4},"end":{"line":383,"column":5}},"104":{"start":{"line":363,"column":21},"end":{"line":363,"column":31}},"105":{"start":{"line":365,"column":6},"end":{"line":367,"column":7}},"106":{"start":{"line":366,"column":8},"end":{"line":366,"column":85}},"107":{"start":{"line":369,"column":21},"end":{"line":369,"column":54}},"108":{"start":{"line":370,"column":6},"end":{"line":372,"column":7}},"109":{"start":{"line":371,"column":8},"end":{"line":371,"column":69}},"110":{"start":{"line":374,"column":6},"end":{"line":377,"column":8}},"111":{"start":{"line":379,"column":6},"end":{"line":379,"column":72}},"112":{"start":{"line":381,"column":6},"end":{"line":381,"column":54}},"113":{"start":{"line":382,"column":6},"end":{"line":382,"column":79}},"114":{"start":{"line":396,"column":4},"end":{"line":407,"column":5}},"115":{"start":{"line":397,"column":25},"end":{"line":397,"column":35}},"116":{"start":{"line":399,"column":22},"end":{"line":401,"column":33}},"117":{"start":{"line":403,"column":6},"end":{"line":403,"column":40}},"118":{"start":{"line":405,"column":6},"end":{"line":405,"column":59}},"119":{"start":{"line":406,"column":6},"end":{"line":406,"column":84}},"120":{"start":{"line":420,"column":4},"end":{"line":437,"column":5}},"121":{"start":{"line":421,"column":21},"end":{"line":421,"column":31}},"122":{"start":{"line":423,"column":21},"end":{"line":423,"column":54}},"123":{"start":{"line":424,"column":6},"end":{"line":426,"column":7}},"124":{"start":{"line":425,"column":8},"end":{"line":425,"column":69}},"125":{"start":{"line":428,"column":6},"end":{"line":430,"column":7}},"126":{"start":{"line":429,"column":8},"end":{"line":429,"column":89}},"127":{"start":{"line":432,"column":6},"end":{"line":432,"column":49}},"128":{"start":{"line":433,"column":6},"end":{"line":433,"column":71}},"129":{"start":{"line":435,"column":6},"end":{"line":435,"column":53}},"130":{"start":{"line":436,"column":6},"end":{"line":436,"column":78}},"131":{"start":{"line":453,"column":4},"end":{"line":503,"column":5}},"132":{"start":{"line":454,"column":21},"end":{"line":454,"column":31}},"133":{"start":{"line":455,"column":35},"end":{"line":455,"column":43}},"134":{"start":{"line":457,"column":21},"end":{"line":457,"column":54}},"135":{"start":{"line":458,"column":6},"end":{"line":460,"column":7}},"136":{"start":{"line":459,"column":8},"end":{"line":459,"column":69}},"137":{"start":{"line":462,"column":27},"end":{"line":462,"column":79}},"138":{"start":{"line":464,"column":6},"end":{"line":497,"column":7}},"139":{"start":{"line":465,"column":8},"end":{"line":482,"column":9}},"140":{"start":{"line":466,"column":10},"end":{"line":469,"column":12}},"141":{"start":{"line":471,"column":10},"end":{"line":481,"column":11}},"142":{"start":{"line":472,"column":12},"end":{"line":475,"column":14}},"143":{"start":{"line":477,"column":12},"end":{"line":480,"column":14}},"144":{"start":{"line":484,"column":8},"end":{"line":484,"column":69}},"145":{"start":{"line":486,"column":8},"end":{"line":496,"column":9}},"146":{"start":{"line":487,"column":10},"end":{"line":490,"column":12}},"147":{"start":{"line":492,"column":10},"end":{"line":495,"column":12}},"148":{"start":{"line":499,"column":6},"end":{"line":499,"column":80}},"149":{"start":{"line":501,"column":6},"end":{"line":501,"column":62}},"150":{"start":{"line":502,"column":6},"end":{"line":502,"column":87}},"151":{"start":{"line":520,"column":4},"end":{"line":543,"column":5}},"152":{"start":{"line":521,"column":21},"end":{"line":521,"column":31}},"153":{"start":{"line":522,"column":46},"end":{"line":522,"column":54}},"154":{"start":{"line":524,"column":21},"end":{"line":524,"column":54}},"155":{"start":{"line":525,"column":6},"end":{"line":527,"column":7}},"156":{"start":{"line":526,"column":8},"end":{"line":526,"column":69}},"157":{"start":{"line":529,"column":25},"end":{"line":534,"column":8}},"158":{"start":{"line":536,"column":6},"end":{"line":539,"column":9}},"159":{"start":{"line":541,"column":6},"end":{"line":541,"column":52}},"160":{"start":{"line":542,"column":6},"end":{"line":542,"column":77}},"161":{"start":{"line":556,"column":4},"end":{"line":567,"column":5}},"162":{"start":{"line":557,"column":21},"end":{"line":557,"column":31}},"163":{"start":{"line":559,"column":23},"end":{"line":561,"column":32}},"164":{"start":{"line":563,"column":6},"end":{"line":563,"column":41}},"165":{"start":{"line":565,"column":6},"end":{"line":565,"column":55}},"166":{"start":{"line":566,"column":6},"end":{"line":566,"column":80}}},"fnMap":{"0":{"name":"(anonymous_0)","decl":{"start":{"line":27,"column":16},"end":{"line":27,"column":17}},"loc":{"start":{"line":27,"column":36},"end":{"line":71,"column":3}},"line":27},"1":{"name":"(anonymous_1)","decl":{"start":{"line":80,"column":17},"end":{"line":80,"column":18}},"loc":{"start":{"line":80,"column":37},"end":{"line":89,"column":3}},"line":80},"2":{"name":"(anonymous_2)","decl":{"start":{"line":100,"column":17},"end":{"line":100,"column":18}},"loc":{"start":{"line":100,"column":37},"end":{"line":115,"column":3}},"line":100},"3":{"name":"(anonymous_3)","decl":{"start":{"line":127,"column":23},"end":{"line":127,"column":24}},"loc":{"start":{"line":127,"column":43},"end":{"line":142,"column":3}},"line":127},"4":{"name":"(anonymous_4)","decl":{"start":{"line":159,"column":16},"end":{"line":159,"column":17}},"loc":{"start":{"line":159,"column":36},"end":{"line":193,"column":3}},"line":159},"5":{"name":"(anonymous_5)","decl":{"start":{"line":205,"column":14},"end":{"line":205,"column":15}},"loc":{"start":{"line":205,"column":34},"end":{"line":241,"column":3}},"line":205},"6":{"name":"(anonymous_6)","decl":{"start":{"line":255,"column":17},"end":{"line":255,"column":18}},"loc":{"start":{"line":255,"column":37},"end":{"line":283,"column":3}},"line":255},"7":{"name":"(anonymous_7)","decl":{"start":{"line":295,"column":17},"end":{"line":295,"column":18}},"loc":{"start":{"line":295,"column":37},"end":{"line":314,"column":3}},"line":295},"8":{"name":"(anonymous_8)","decl":{"start":{"line":326,"column":17},"end":{"line":326,"column":18}},"loc":{"start":{"line":326,"column":37},"end":{"line":349,"column":3}},"line":326},"9":{"name":"(anonymous_9)","decl":{"start":{"line":361,"column":16},"end":{"line":361,"column":17}},"loc":{"start":{"line":361,"column":36},"end":{"line":384,"column":3}},"line":361},"10":{"name":"(anonymous_10)","decl":{"start":{"line":395,"column":18},"end":{"line":395,"column":19}},"loc":{"start":{"line":395,"column":38},"end":{"line":408,"column":3}},"line":395},"11":{"name":"(anonymous_11)","decl":{"start":{"line":419,"column":16},"end":{"line":419,"column":17}},"loc":{"start":{"line":419,"column":36},"end":{"line":438,"column":3}},"line":419},"12":{"name":"(anonymous_12)","decl":{"start":{"line":452,"column":14},"end":{"line":452,"column":15}},"loc":{"start":{"line":452,"column":34},"end":{"line":504,"column":3}},"line":452},"13":{"name":"(anonymous_13)","decl":{"start":{"line":519,"column":14},"end":{"line":519,"column":15}},"loc":{"start":{"line":519,"column":34},"end":{"line":544,"column":3}},"line":519},"14":{"name":"(anonymous_14)","decl":{"start":{"line":555,"column":15},"end":{"line":555,"column":16}},"loc":{"start":{"line":555,"column":35},"end":{"line":568,"column":3}},"line":555}},"branchMap":{"0":{"loc":{"start":{"line":36,"column":8},"end":{"line":36,"column":25}},"type":"default-arg","locations":[{"start":{"line":36,"column":20},"end":{"line":36,"column":25}}],"line":36},"1":{"loc":{"start":{"line":37,"column":8},"end":{"line":37,"column":26}},"type":"default-arg","locations":[{"start":{"line":37,"column":21},"end":{"line":37,"column":26}}],"line":37},"2":{"loc":{"start":{"line":41,"column":6},"end":{"line":43,"column":7}},"type":"if","locations":[{"start":{"line":41,"column":6},"end":{"line":43,"column":7}},{"start":{},"end":{}}],"line":41},"3":{"loc":{"start":{"line":46,"column":6},"end":{"line":50,"column":7}},"type":"if","locations":[{"start":{"line":46,"column":6},"end":{"line":50,"column":7}},{"start":{},"end":{}}],"line":46},"4":{"loc":{"start":{"line":106,"column":6},"end":{"line":108,"column":7}},"type":"if","locations":[{"start":{"line":106,"column":6},"end":{"line":108,"column":7}},{"start":{},"end":{}}],"line":106},"5":{"loc":{"start":{"line":165,"column":6},"end":{"line":167,"column":7}},"type":"if","locations":[{"start":{"line":165,"column":6},"end":{"line":167,"column":7}},{"start":{},"end":{}}],"line":165},"6":{"loc":{"start":{"line":169,"column":6},"end":{"line":171,"column":7}},"type":"if","locations":[{"start":{"line":169,"column":6},"end":{"line":171,"column":7}},{"start":{},"end":{}}],"line":169},"7":{"loc":{"start":{"line":169,"column":10},"end":{"line":169,"column":92}},"type":"binary-expr","locations":[{"start":{"line":169,"column":10},"end":{"line":169,"column":18}},{"start":{"line":169,"column":22},"end":{"line":169,"column":47}},{"start":{"line":169,"column":51},"end":{"line":169,"column":92}}],"line":169},"8":{"loc":{"start":{"line":174,"column":6},"end":{"line":174,"column":56}},"type":"if","locations":[{"start":{"line":174,"column":6},"end":{"line":174,"column":56}},{"start":{},"end":{}}],"line":174},"9":{"loc":{"start":{"line":175,"column":6},"end":{"line":175,"column":62}},"type":"if","locations":[{"start":{"line":175,"column":6},"end":{"line":175,"column":62}},{"start":{},"end":{}}],"line":175},"10":{"loc":{"start":{"line":176,"column":6},"end":{"line":176,"column":59}},"type":"if","locations":[{"start":{"line":176,"column":6},"end":{"line":176,"column":59}},{"start":{},"end":{}}],"line":176},"11":{"loc":{"start":{"line":177,"column":6},"end":{"line":177,"column":71}},"type":"if","locations":[{"start":{"line":177,"column":6},"end":{"line":177,"column":71}},{"start":{},"end":{}}],"line":177},"12":{"loc":{"start":{"line":211,"column":6},"end":{"line":213,"column":7}},"type":"if","locations":[{"start":{"line":211,"column":6},"end":{"line":213,"column":7}},{"start":{},"end":{}}],"line":211},"13":{"loc":{"start":{"line":216,"column":6},"end":{"line":218,"column":7}},"type":"if","locations":[{"start":{"line":216,"column":6},"end":{"line":218,"column":7}},{"start":{},"end":{}}],"line":216},"14":{"loc":{"start":{"line":224,"column":6},"end":{"line":234,"column":7}},"type":"if","locations":[{"start":{"line":224,"column":6},"end":{"line":234,"column":7}},{"start":{"line":229,"column":13},"end":{"line":234,"column":7}}],"line":224},"15":{"loc":{"start":{"line":261,"column":6},"end":{"line":263,"column":7}},"type":"if","locations":[{"start":{"line":261,"column":6},"end":{"line":263,"column":7}},{"start":{},"end":{}}],"line":261},"16":{"loc":{"start":{"line":265,"column":6},"end":{"line":267,"column":7}},"type":"if","locations":[{"start":{"line":265,"column":6},"end":{"line":267,"column":7}},{"start":{},"end":{}}],"line":265},"17":{"loc":{"start":{"line":265,"column":10},"end":{"line":265,"column":93}},"type":"binary-expr","locations":[{"start":{"line":265,"column":10},"end":{"line":265,"column":18}},{"start":{"line":265,"column":22},"end":{"line":265,"column":47}},{"start":{"line":265,"column":51},"end":{"line":265,"column":93}}],"line":265},"18":{"loc":{"start":{"line":300,"column":6},"end":{"line":302,"column":7}},"type":"if","locations":[{"start":{"line":300,"column":6},"end":{"line":302,"column":7}},{"start":{},"end":{}}],"line":300},"19":{"loc":{"start":{"line":304,"column":6},"end":{"line":306,"column":7}},"type":"if","locations":[{"start":{"line":304,"column":6},"end":{"line":306,"column":7}},{"start":{},"end":{}}],"line":304},"20":{"loc":{"start":{"line":304,"column":10},"end":{"line":304,"column":93}},"type":"binary-expr","locations":[{"start":{"line":304,"column":10},"end":{"line":304,"column":18}},{"start":{"line":304,"column":22},"end":{"line":304,"column":47}},{"start":{"line":304,"column":51},"end":{"line":304,"column":93}}],"line":304},"21":{"loc":{"start":{"line":330,"column":6},"end":{"line":332,"column":7}},"type":"if","locations":[{"start":{"line":330,"column":6},"end":{"line":332,"column":7}},{"start":{},"end":{}}],"line":330},"22":{"loc":{"start":{"line":330,"column":10},"end":{"line":330,"column":47}},"type":"binary-expr","locations":[{"start":{"line":330,"column":10},"end":{"line":330,"column":18}},{"start":{"line":330,"column":22},"end":{"line":330,"column":47}}],"line":330},"23":{"loc":{"start":{"line":335,"column":6},"end":{"line":337,"column":7}},"type":"if","locations":[{"start":{"line":335,"column":6},"end":{"line":337,"column":7}},{"start":{},"end":{}}],"line":335},"24":{"loc":{"start":{"line":365,"column":6},"end":{"line":367,"column":7}},"type":"if","locations":[{"start":{"line":365,"column":6},"end":{"line":367,"column":7}},{"start":{},"end":{}}],"line":365},"25":{"loc":{"start":{"line":365,"column":10},"end":{"line":365,"column":47}},"type":"binary-expr","locations":[{"start":{"line":365,"column":10},"end":{"line":365,"column":18}},{"start":{"line":365,"column":22},"end":{"line":365,"column":47}}],"line":365},"26":{"loc":{"start":{"line":370,"column":6},"end":{"line":372,"column":7}},"type":"if","locations":[{"start":{"line":370,"column":6},"end":{"line":372,"column":7}},{"start":{},"end":{}}],"line":370},"27":{"loc":{"start":{"line":424,"column":6},"end":{"line":426,"column":7}},"type":"if","locations":[{"start":{"line":424,"column":6},"end":{"line":426,"column":7}},{"start":{},"end":{}}],"line":424},"28":{"loc":{"start":{"line":428,"column":6},"end":{"line":430,"column":7}},"type":"if","locations":[{"start":{"line":428,"column":6},"end":{"line":430,"column":7}},{"start":{},"end":{}}],"line":428},"29":{"loc":{"start":{"line":428,"column":10},"end":{"line":428,"column":92}},"type":"binary-expr","locations":[{"start":{"line":428,"column":10},"end":{"line":428,"column":18}},{"start":{"line":428,"column":22},"end":{"line":428,"column":47}},{"start":{"line":428,"column":51},"end":{"line":428,"column":92}}],"line":428},"30":{"loc":{"start":{"line":458,"column":6},"end":{"line":460,"column":7}},"type":"if","locations":[{"start":{"line":458,"column":6},"end":{"line":460,"column":7}},{"start":{},"end":{}}],"line":458},"31":{"loc":{"start":{"line":464,"column":6},"end":{"line":497,"column":7}},"type":"if","locations":[{"start":{"line":464,"column":6},"end":{"line":497,"column":7}},{"start":{"line":483,"column":13},"end":{"line":497,"column":7}}],"line":464},"32":{"loc":{"start":{"line":465,"column":8},"end":{"line":482,"column":9}},"type":"if","locations":[{"start":{"line":465,"column":8},"end":{"line":482,"column":9}},{"start":{},"end":{}}],"line":465},"33":{"loc":{"start":{"line":471,"column":10},"end":{"line":481,"column":11}},"type":"if","locations":[{"start":{"line":471,"column":10},"end":{"line":481,"column":11}},{"start":{"line":476,"column":17},"end":{"line":481,"column":11}}],"line":471},"34":{"loc":{"start":{"line":486,"column":8},"end":{"line":496,"column":9}},"type":"if","locations":[{"start":{"line":486,"column":8},"end":{"line":496,"column":9}},{"start":{"line":491,"column":15},"end":{"line":496,"column":9}}],"line":486},"35":{"loc":{"start":{"line":525,"column":6},"end":{"line":527,"column":7}},"type":"if","locations":[{"start":{"line":525,"column":6},"end":{"line":527,"column":7}},{"start":{},"end":{}}],"line":525},"36":{"loc":{"start":{"line":533,"column":19},"end":{"line":533,"column":36}},"type":"binary-expr","locations":[{"start":{"line":533,"column":19},"end":{"line":533,"column":28}},{"start":{"line":533,"column":32},"end":{"line":533,"column":36}}],"line":533}},"s":{"0":0,"1":0,"2":0,"3":0,"4":0,"5":0,"6":0,"7":0,"8":0,"9":0,"10":0,"11":0,"12":0,"13":0,"14":0,"15":0,"16":0,"17":0,"18":0,"19":0,"20":0,"21":0,"22":0,"23":0,"24":0,"25":0,"26":0,"27":0,"28":0,"29":0,"30":0,"31":0,"32":0,"33":0,"34":0,"35":0,"36":0,"37":0,"38":0,"39":0,"40":0,"41":0,"42":0,"43":0,"44":0,"45":0,"46":0,"47":0,"48":0,"49":0,"50":0,"51":0,"52":0,"53":0,"54":0,"55":0,"56":0,"57":0,"58":0,"59":0,"60":0,"61":0,"62":0,"63":0,"64":0,"65":0,"66":0,"67":0,"68":0,"69":0,"70":0,"71":0,"72":0,"73":0,"74":0,"75":0,"76":0,"77":0,"78":0,"79":0,"80":0,"81":0,"82":0,"83":0,"84":0,"85":0,"86":0,"87":0,"88":0,"89":0,"90":0,"91":0,"92":0,"93":0,"94":0,"95":0,"96":0,"97":0,"98":0,"99":0,"100":0,"101":0,"102":0,"103":0,"104":0,"105":0,"106":0,"107":0,"108":0,"109":0,"110":0,"111":0,"112":0,"113":0,"114":0,"115":0,"116":0,"117":0,"118":0,"119":0,"120":0,"121":0,"122":0,"123":0,"124":0,"125":0,"126":0,"127":0,"128":0,"129":0,"130":0,"131":0,"132":0,"133":0,"134":0,"135":0,"136":0,"137":0,"138":0,"139":0,"140":0,"141":0,"142":0,"143":0,"144":0,"145":0,"146":0,"147":0,"148":0,"149":0,"150":0,"151":0,"152":0,"153":0,"154":0,"155":0,"156":0,"157":0,"158":0,"159":0,"160":0,"161":0,"162":0,"163":0,"164":0,"165":0,"166":0},"f":{"0":0,"1":0,"2":0,"3":0,"4":0,"5":0,"6":0,"7":0,"8":0,"9":0,"10":0,"11":0,"12":0,"13":0,"14":0},"b":{"0":[0],"1":[0],"2":[0,0],"3":[0,0],"4":[0,0],"5":[0,0],"6":[0,0],"7":[0,0,0],"8":[0,0],"9":[0,0],"10":[0,0],"11":[0,0],"12":[0,0],"13":[0,0],"14":[0,0],"15":[0,0],"16":[0,0],"17":[0,0,0],"18":[0,0],"19":[0,0],"20":[0,0,0],"21":[0,0],"22":[0,0],"23":[0,0],"24":[0,0],"25":[0,0],"26":[0,0],"27":[0,0],"28":[0,0],"29":[0,0,0],"30":[0,0],"31":[0,0],"32":[0,0],"33":[0,0],"34":[0,0],"35":[0,0],"36":[0,0]},"inputSourceMap":null}
,"C:\\Users\\eriki\\Desktop\\TFG\\filmsage-backend\\src\\controllers\\user.controller.js": {"path":"C:\\Users\\eriki\\Desktop\\TFG\\filmsage-backend\\src\\controllers\\user.controller.js","statementMap":{"0":{"start":{"line":10,"column":23},"end":{"line":591,"column":1}},"1":{"start":{"line":24,"column":4},"end":{"line":79,"column":5}},"2":{"start":{"line":26,"column":21},"end":{"line":26,"column":42}},"3":{"start":{"line":27,"column":6},"end":{"line":29,"column":7}},"4":{"start":{"line":28,"column":8},"end":{"line":28,"column":64}},"5":{"start":{"line":31,"column":59},"end":{"line":31,"column":67}},"6":{"start":{"line":34,"column":27},"end":{"line":36,"column":8}},"7":{"start":{"line":38,"column":6},"end":{"line":42,"column":7}},"8":{"start":{"line":39,"column":8},"end":{"line":41,"column":11}},"9":{"start":{"line":45,"column":6},"end":{"line":47,"column":7}},"10":{"start":{"line":46,"column":8},"end":{"line":46,"column":75}},"11":{"start":{"line":50,"column":19},"end":{"line":50,"column":43}},"12":{"start":{"line":51,"column":28},"end":{"line":51,"column":61}},"13":{"start":{"line":54,"column":22},"end":{"line":60,"column":8}},"14":{"start":{"line":62,"column":24},"end":{"line":62,"column":44}},"15":{"start":{"line":65,"column":27},"end":{"line":65,"column":47}},"16":{"start":{"line":66,"column":6},"end":{"line":66,"column":40}},"17":{"start":{"line":69,"column":20},"end":{"line":69,"column":44}},"18":{"start":{"line":71,"column":6},"end":{"line":75,"column":9}},"19":{"start":{"line":77,"column":6},"end":{"line":77,"column":50}},"20":{"start":{"line":78,"column":6},"end":{"line":78,"column":76}},"21":{"start":{"line":93,"column":4},"end":{"line":130,"column":5}},"22":{"start":{"line":94,"column":34},"end":{"line":94,"column":42}},"23":{"start":{"line":97,"column":19},"end":{"line":97,"column":48}},"24":{"start":{"line":98,"column":6},"end":{"line":100,"column":7}},"25":{"start":{"line":99,"column":8},"end":{"line":99,"column":72}},"26":{"start":{"line":103,"column":6},"end":{"line":105,"column":7}},"27":{"start":{"line":104,"column":8},"end":{"line":104,"column":75}},"28":{"start":{"line":108,"column":30},"end":{"line":108,"column":80}},"29":{"start":{"line":109,"column":6},"end":{"line":111,"column":7}},"30":{"start":{"line":110,"column":8},"end":{"line":110,"column":72}},"31":{"start":{"line":114,"column":20},"end":{"line":114,"column":39}},"32":{"start":{"line":116,"column":6},"end":{"line":126,"column":9}},"33":{"start":{"line":128,"column":6},"end":{"line":128,"column":43}},"34":{"start":{"line":129,"column":6},"end":{"line":129,"column":69}},"35":{"start":{"line":141,"column":4},"end":{"line":148,"column":5}},"36":{"start":{"line":142,"column":20},"end":{"line":142,"column":57}},"37":{"start":{"line":144,"column":6},"end":{"line":144,"column":38}},"38":{"start":{"line":146,"column":6},"end":{"line":146,"column":52}},"39":{"start":{"line":147,"column":6},"end":{"line":147,"column":77}},"40":{"start":{"line":161,"column":4},"end":{"line":174,"column":5}},"41":{"start":{"line":162,"column":21},"end":{"line":162,"column":31}},"42":{"start":{"line":164,"column":19},"end":{"line":164,"column":60}},"43":{"start":{"line":166,"column":6},"end":{"line":168,"column":7}},"44":{"start":{"line":167,"column":8},"end":{"line":167,"column":81}},"45":{"start":{"line":170,"column":6},"end":{"line":170,"column":37}},"46":{"start":{"line":172,"column":6},"end":{"line":172,"column":51}},"47":{"start":{"line":173,"column":6},"end":{"line":173,"column":76}},"48":{"start":{"line":193,"column":4},"end":{"line":274,"column":5}},"49":{"start":{"line":194,"column":21},"end":{"line":194,"column":31}},"50":{"start":{"line":210,"column":10},"end":{"line":210,"column":18}},"51":{"start":{"line":213,"column":19},"end":{"line":213,"column":42}},"52":{"start":{"line":214,"column":6},"end":{"line":216,"column":7}},"53":{"start":{"line":215,"column":8},"end":{"line":215,"column":67}},"54":{"start":{"line":220,"column":27},"end":{"line":220,"column":49}},"55":{"start":{"line":221,"column":6},"end":{"line":223,"column":7}},"56":{"start":{"line":222,"column":8},"end":{"line":222,"column":87}},"57":{"start":{"line":226,"column":25},"end":{"line":226,"column":27}},"58":{"start":{"line":229,"column":6},"end":{"line":229,"column":51}},"59":{"start":{"line":229,"column":20},"end":{"line":229,"column":51}},"60":{"start":{"line":230,"column":6},"end":{"line":230,"column":42}},"61":{"start":{"line":230,"column":17},"end":{"line":230,"column":42}},"62":{"start":{"line":233,"column":6},"end":{"line":233,"column":68}},"63":{"start":{"line":233,"column":35},"end":{"line":233,"column":68}},"64":{"start":{"line":234,"column":6},"end":{"line":234,"column":77}},"65":{"start":{"line":234,"column":38},"end":{"line":234,"column":77}},"66":{"start":{"line":235,"column":6},"end":{"line":235,"column":50}},"67":{"start":{"line":235,"column":29},"end":{"line":235,"column":50}},"68":{"start":{"line":236,"column":6},"end":{"line":236,"column":71}},"69":{"start":{"line":236,"column":36},"end":{"line":236,"column":71}},"70":{"start":{"line":237,"column":6},"end":{"line":237,"column":56}},"71":{"start":{"line":237,"column":31},"end":{"line":237,"column":56}},"72":{"start":{"line":238,"column":6},"end":{"line":238,"column":59}},"73":{"start":{"line":238,"column":32},"end":{"line":238,"column":59}},"74":{"start":{"line":239,"column":6},"end":{"line":239,"column":71}},"75":{"start":{"line":239,"column":36},"end":{"line":239,"column":71}},"76":{"start":{"line":240,"column":6},"end":{"line":240,"column":74}},"77":{"start":{"line":240,"column":37},"end":{"line":240,"column":74}},"78":{"start":{"line":241,"column":6},"end":{"line":241,"column":62}},"79":{"start":{"line":241,"column":33},"end":{"line":241,"column":62}},"80":{"start":{"line":243,"column":6},"end":{"line":249,"column":7}},"81":{"start":{"line":244,"column":8},"end":{"line":248,"column":9}},"82":{"start":{"line":245,"column":10},"end":{"line":245,"column":55}},"83":{"start":{"line":247,"column":10},"end":{"line":247,"column":87}},"84":{"start":{"line":252,"column":6},"end":{"line":259,"column":7}},"85":{"start":{"line":253,"column":8},"end":{"line":255,"column":9}},"86":{"start":{"line":254,"column":10},"end":{"line":254,"column":33}},"87":{"start":{"line":256,"column":8},"end":{"line":258,"column":9}},"88":{"start":{"line":257,"column":10},"end":{"line":257,"column":43}},"89":{"start":{"line":261,"column":26},"end":{"line":265,"column":7}},"90":{"start":{"line":267,"column":6},"end":{"line":270,"column":9}},"91":{"start":{"line":272,"column":6},"end":{"line":272,"column":51}},"92":{"start":{"line":273,"column":6},"end":{"line":273,"column":76}},"93":{"start":{"line":291,"column":4},"end":{"line":327,"column":5}},"94":{"start":{"line":292,"column":21},"end":{"line":292,"column":31}},"95":{"start":{"line":293,"column":47},"end":{"line":293,"column":55}},"96":{"start":{"line":296,"column":19},"end":{"line":296,"column":42}},"97":{"start":{"line":297,"column":6},"end":{"line":299,"column":7}},"98":{"start":{"line":298,"column":8},"end":{"line":298,"column":67}},"99":{"start":{"line":303,"column":27},"end":{"line":303,"column":49}},"100":{"start":{"line":304,"column":6},"end":{"line":306,"column":7}},"101":{"start":{"line":305,"column":8},"end":{"line":305,"column":91}},"102":{"start":{"line":309,"column":6},"end":{"line":314,"column":7}},"103":{"start":{"line":310,"column":32},"end":{"line":310,"column":89}},"104":{"start":{"line":311,"column":8},"end":{"line":313,"column":9}},"105":{"start":{"line":312,"column":10},"end":{"line":312,"column":84}},"106":{"start":{"line":317,"column":19},"end":{"line":317,"column":43}},"107":{"start":{"line":318,"column":28},"end":{"line":318,"column":64}},"108":{"start":{"line":321,"column":6},"end":{"line":321,"column":58}},"109":{"start":{"line":323,"column":6},"end":{"line":323,"column":73}},"110":{"start":{"line":325,"column":6},"end":{"line":325,"column":55}},"111":{"start":{"line":326,"column":6},"end":{"line":326,"column":80}},"112":{"start":{"line":341,"column":4},"end":{"line":359,"column":5}},"113":{"start":{"line":342,"column":21},"end":{"line":342,"column":31}},"114":{"start":{"line":345,"column":19},"end":{"line":345,"column":51}},"115":{"start":{"line":346,"column":6},"end":{"line":348,"column":7}},"116":{"start":{"line":347,"column":8},"end":{"line":347,"column":67}},"117":{"start":{"line":351,"column":6},"end":{"line":353,"column":7}},"118":{"start":{"line":352,"column":8},"end":{"line":352,"column":83}},"119":{"start":{"line":355,"column":6},"end":{"line":355,"column":69}},"120":{"start":{"line":357,"column":6},"end":{"line":357,"column":51}},"121":{"start":{"line":358,"column":6},"end":{"line":358,"column":76}},"122":{"start":{"line":375,"column":4},"end":{"line":412,"column":5}},"123":{"start":{"line":376,"column":21},"end":{"line":376,"column":31}},"124":{"start":{"line":377,"column":23},"end":{"line":377,"column":31}},"125":{"start":{"line":379,"column":6},"end":{"line":381,"column":7}},"126":{"start":{"line":380,"column":8},"end":{"line":380,"column":75}},"127":{"start":{"line":384,"column":27},"end":{"line":384,"column":50}},"128":{"start":{"line":385,"column":6},"end":{"line":387,"column":7}},"129":{"start":{"line":386,"column":8},"end":{"line":386,"column":67}},"130":{"start":{"line":390,"column":6},"end":{"line":392,"column":7}},"131":{"start":{"line":391,"column":8},"end":{"line":391,"column":88}},"132":{"start":{"line":395,"column":19},"end":{"line":399,"column":7}},"133":{"start":{"line":401,"column":6},"end":{"line":408,"column":9}},"134":{"start":{"line":410,"column":6},"end":{"line":410,"column":56}},"135":{"start":{"line":411,"column":6},"end":{"line":411,"column":81}},"136":{"start":{"line":426,"column":4},"end":{"line":449,"column":5}},"137":{"start":{"line":427,"column":21},"end":{"line":427,"column":31}},"138":{"start":{"line":430,"column":19},"end":{"line":434,"column":7}},"139":{"start":{"line":436,"column":6},"end":{"line":438,"column":7}},"140":{"start":{"line":437,"column":8},"end":{"line":437,"column":67}},"141":{"start":{"line":441,"column":6},"end":{"line":443,"column":7}},"142":{"start":{"line":442,"column":8},"end":{"line":442,"column":85}},"143":{"start":{"line":445,"column":6},"end":{"line":445,"column":71}},"144":{"start":{"line":447,"column":6},"end":{"line":447,"column":53}},"145":{"start":{"line":448,"column":6},"end":{"line":448,"column":78}},"146":{"start":{"line":463,"column":4},"end":{"line":486,"column":5}},"147":{"start":{"line":464,"column":21},"end":{"line":464,"column":31}},"148":{"start":{"line":467,"column":19},"end":{"line":471,"column":7}},"149":{"start":{"line":473,"column":6},"end":{"line":475,"column":7}},"150":{"start":{"line":474,"column":8},"end":{"line":474,"column":67}},"151":{"start":{"line":478,"column":6},"end":{"line":480,"column":7}},"152":{"start":{"line":479,"column":8},"end":{"line":479,"column":87}},"153":{"start":{"line":482,"column":6},"end":{"line":482,"column":73}},"154":{"start":{"line":484,"column":6},"end":{"line":484,"column":55}},"155":{"start":{"line":485,"column":6},"end":{"line":485,"column":80}},"156":{"start":{"line":501,"column":4},"end":{"line":539,"column":5}},"157":{"start":{"line":502,"column":49},"end":{"line":502,"column":58}},"158":{"start":{"line":504,"column":6},"end":{"line":506,"column":7}},"159":{"start":{"line":505,"column":8},"end":{"line":505,"column":76}},"160":{"start":{"line":508,"column":20},"end":{"line":519,"column":31}},"161":{"start":{"line":521,"column":20},"end":{"line":528,"column":8}},"162":{"start":{"line":530,"column":6},"end":{"line":535,"column":9}},"163":{"start":{"line":537,"column":6},"end":{"line":537,"column":53}},"164":{"start":{"line":538,"column":6},"end":{"line":538,"column":78}},"165":{"start":{"line":552,"column":4},"end":{"line":574,"column":5}},"166":{"start":{"line":553,"column":21},"end":{"line":553,"column":31}},"167":{"start":{"line":555,"column":19},"end":{"line":555,"column":67}},"168":{"start":{"line":556,"column":6},"end":{"line":558,"column":7}},"169":{"start":{"line":557,"column":8},"end":{"line":557,"column":67}},"170":{"start":{"line":560,"column":20},"end":{"line":568,"column":7}},"171":{"start":{"line":570,"column":6},"end":{"line":570,"column":38}},"172":{"start":{"line":572,"column":6},"end":{"line":572,"column":57}},"173":{"start":{"line":573,"column":6},"end":{"line":573,"column":82}},"174":{"start":{"line":583,"column":19},"end":{"line":586,"column":5}},"175":{"start":{"line":588,"column":28},"end":{"line":588,"column":92}},"176":{"start":{"line":588,"column":51},"end":{"line":588,"column":84}},"177":{"start":{"line":589,"column":4},"end":{"line":589,"column":63}}},"fnMap":{"0":{"name":"(anonymous_0)","decl":{"start":{"line":23,"column":12},"end":{"line":23,"column":13}},"loc":{"start":{"line":23,"column":32},"end":{"line":80,"column":3}},"line":23},"1":{"name":"(anonymous_1)","decl":{"start":{"line":92,"column":9},"end":{"line":92,"column":10}},"loc":{"start":{"line":92,"column":29},"end":{"line":131,"column":3}},"line":92},"2":{"name":"(anonymous_2)","decl":{"start":{"line":140,"column":15},"end":{"line":140,"column":16}},"loc":{"start":{"line":140,"column":35},"end":{"line":149,"column":3}},"line":140},"3":{"name":"(anonymous_3)","decl":{"start":{"line":160,"column":15},"end":{"line":160,"column":16}},"loc":{"start":{"line":160,"column":35},"end":{"line":175,"column":3}},"line":160},"4":{"name":"(anonymous_4)","decl":{"start":{"line":192,"column":14},"end":{"line":192,"column":15}},"loc":{"start":{"line":192,"column":34},"end":{"line":275,"column":3}},"line":192},"5":{"name":"(anonymous_5)","decl":{"start":{"line":290,"column":18},"end":{"line":290,"column":19}},"loc":{"start":{"line":290,"column":38},"end":{"line":328,"column":3}},"line":290},"6":{"name":"(anonymous_6)","decl":{"start":{"line":340,"column":14},"end":{"line":340,"column":15}},"loc":{"start":{"line":340,"column":34},"end":{"line":360,"column":3}},"line":340},"7":{"name":"(anonymous_7)","decl":{"start":{"line":374,"column":18},"end":{"line":374,"column":19}},"loc":{"start":{"line":374,"column":38},"end":{"line":413,"column":3}},"line":374},"8":{"name":"(anonymous_8)","decl":{"start":{"line":425,"column":16},"end":{"line":425,"column":17}},"loc":{"start":{"line":425,"column":36},"end":{"line":450,"column":3}},"line":425},"9":{"name":"(anonymous_9)","decl":{"start":{"line":462,"column":18},"end":{"line":462,"column":19}},"loc":{"start":{"line":462,"column":38},"end":{"line":487,"column":3}},"line":462},"10":{"name":"(anonymous_10)","decl":{"start":{"line":500,"column":15},"end":{"line":500,"column":16}},"loc":{"start":{"line":500,"column":35},"end":{"line":540,"column":3}},"line":500},"11":{"name":"(anonymous_11)","decl":{"start":{"line":551,"column":16},"end":{"line":551,"column":17}},"loc":{"start":{"line":551,"column":36},"end":{"line":575,"column":3}},"line":551},"12":{"name":"(anonymous_12)","decl":{"start":{"line":582,"column":30},"end":{"line":582,"column":31}},"loc":{"start":{"line":582,"column":40},"end":{"line":590,"column":3}},"line":582},"13":{"name":"(anonymous_13)","decl":{"start":{"line":588,"column":42},"end":{"line":588,"column":43}},"loc":{"start":{"line":588,"column":51},"end":{"line":588,"column":84}},"line":588}},"branchMap":{"0":{"loc":{"start":{"line":27,"column":6},"end":{"line":29,"column":7}},"type":"if","locations":[{"start":{"line":27,"column":6},"end":{"line":29,"column":7}},{"start":{},"end":{}}],"line":27},"1":{"loc":{"start":{"line":31,"column":41},"end":{"line":31,"column":54}},"type":"default-arg","locations":[{"start":{"line":31,"column":48},"end":{"line":31,"column":54}}],"line":31},"2":{"loc":{"start":{"line":38,"column":6},"end":{"line":42,"column":7}},"type":"if","locations":[{"start":{"line":38,"column":6},"end":{"line":42,"column":7}},{"start":{},"end":{}}],"line":38},"3":{"loc":{"start":{"line":45,"column":6},"end":{"line":47,"column":7}},"type":"if","locations":[{"start":{"line":45,"column":6},"end":{"line":47,"column":7}},{"start":{},"end":{}}],"line":45},"4":{"loc":{"start":{"line":98,"column":6},"end":{"line":100,"column":7}},"type":"if","locations":[{"start":{"line":98,"column":6},"end":{"line":100,"column":7}},{"start":{},"end":{}}],"line":98},"5":{"loc":{"start":{"line":103,"column":6},"end":{"line":105,"column":7}},"type":"if","locations":[{"start":{"line":103,"column":6},"end":{"line":105,"column":7}},{"start":{},"end":{}}],"line":103},"6":{"loc":{"start":{"line":109,"column":6},"end":{"line":111,"column":7}},"type":"if","locations":[{"start":{"line":109,"column":6},"end":{"line":111,"column":7}},{"start":{},"end":{}}],"line":109},"7":{"loc":{"start":{"line":166,"column":6},"end":{"line":168,"column":7}},"type":"if","locations":[{"start":{"line":166,"column":6},"end":{"line":168,"column":7}},{"start":{},"end":{}}],"line":166},"8":{"loc":{"start":{"line":214,"column":6},"end":{"line":216,"column":7}},"type":"if","locations":[{"start":{"line":214,"column":6},"end":{"line":216,"column":7}},{"start":{},"end":{}}],"line":214},"9":{"loc":{"start":{"line":221,"column":6},"end":{"line":223,"column":7}},"type":"if","locations":[{"start":{"line":221,"column":6},"end":{"line":223,"column":7}},{"start":{},"end":{}}],"line":221},"10":{"loc":{"start":{"line":221,"column":10},"end":{"line":221,"column":70}},"type":"binary-expr","locations":[{"start":{"line":221,"column":10},"end":{"line":221,"column":18}},{"start":{"line":221,"column":22},"end":{"line":221,"column":47}},{"start":{"line":221,"column":51},"end":{"line":221,"column":70}}],"line":221},"11":{"loc":{"start":{"line":229,"column":6},"end":{"line":229,"column":51}},"type":"if","locations":[{"start":{"line":229,"column":6},"end":{"line":229,"column":51}},{"start":{},"end":{}}],"line":229},"12":{"loc":{"start":{"line":230,"column":6},"end":{"line":230,"column":42}},"type":"if","locations":[{"start":{"line":230,"column":6},"end":{"line":230,"column":42}},{"start":{},"end":{}}],"line":230},"13":{"loc":{"start":{"line":233,"column":6},"end":{"line":233,"column":68}},"type":"if","locations":[{"start":{"line":233,"column":6},"end":{"line":233,"column":68}},{"start":{},"end":{}}],"line":233},"14":{"loc":{"start":{"line":234,"column":6},"end":{"line":234,"column":77}},"type":"if","locations":[{"start":{"line":234,"column":6},"end":{"line":234,"column":77}},{"start":{},"end":{}}],"line":234},"15":{"loc":{"start":{"line":235,"column":6},"end":{"line":235,"column":50}},"type":"if","locations":[{"start":{"line":235,"column":6},"end":{"line":235,"column":50}},{"start":{},"end":{}}],"line":235},"16":{"loc":{"start":{"line":236,"column":6},"end":{"line":236,"column":71}},"type":"if","locations":[{"start":{"line":236,"column":6},"end":{"line":236,"column":71}},{"start":{},"end":{}}],"line":236},"17":{"loc":{"start":{"line":237,"column":6},"end":{"line":237,"column":56}},"type":"if","locations":[{"start":{"line":237,"column":6},"end":{"line":237,"column":56}},{"start":{},"end":{}}],"line":237},"18":{"loc":{"start":{"line":238,"column":6},"end":{"line":238,"column":59}},"type":"if","locations":[{"start":{"line":238,"column":6},"end":{"line":238,"column":59}},{"start":{},"end":{}}],"line":238},"19":{"loc":{"start":{"line":239,"column":6},"end":{"line":239,"column":71}},"type":"if","locations":[{"start":{"line":239,"column":6},"end":{"line":239,"column":71}},{"start":{},"end":{}}],"line":239},"20":{"loc":{"start":{"line":240,"column":6},"end":{"line":240,"column":74}},"type":"if","locations":[{"start":{"line":240,"column":6},"end":{"line":240,"column":74}},{"start":{},"end":{}}],"line":240},"21":{"loc":{"start":{"line":241,"column":6},"end":{"line":241,"column":62}},"type":"if","locations":[{"start":{"line":241,"column":6},"end":{"line":241,"column":62}},{"start":{},"end":{}}],"line":241},"22":{"loc":{"start":{"line":243,"column":6},"end":{"line":249,"column":7}},"type":"if","locations":[{"start":{"line":243,"column":6},"end":{"line":249,"column":7}},{"start":{},"end":{}}],"line":243},"23":{"loc":{"start":{"line":244,"column":8},"end":{"line":248,"column":9}},"type":"if","locations":[{"start":{"line":244,"column":8},"end":{"line":248,"column":9}},{"start":{"line":246,"column":15},"end":{"line":248,"column":9}}],"line":244},"24":{"loc":{"start":{"line":252,"column":6},"end":{"line":259,"column":7}},"type":"if","locations":[{"start":{"line":252,"column":6},"end":{"line":259,"column":7}},{"start":{},"end":{}}],"line":252},"25":{"loc":{"start":{"line":252,"column":10},"end":{"line":252,"column":47}},"type":"binary-expr","locations":[{"start":{"line":252,"column":10},"end":{"line":252,"column":18}},{"start":{"line":252,"column":22},"end":{"line":252,"column":47}}],"line":252},"26":{"loc":{"start":{"line":253,"column":8},"end":{"line":255,"column":9}},"type":"if","locations":[{"start":{"line":253,"column":8},"end":{"line":255,"column":9}},{"start":{},"end":{}}],"line":253},"27":{"loc":{"start":{"line":253,"column":12},"end":{"line":253,"column":64}},"type":"binary-expr","locations":[{"start":{"line":253,"column":12},"end":{"line":253,"column":16}},{"start":{"line":253,"column":20},"end":{"line":253,"column":64}}],"line":253},"28":{"loc":{"start":{"line":256,"column":8},"end":{"line":258,"column":9}},"type":"if","locations":[{"start":{"line":256,"column":8},"end":{"line":258,"column":9}},{"start":{},"end":{}}],"line":256},"29":{"loc":{"start":{"line":297,"column":6},"end":{"line":299,"column":7}},"type":"if","locations":[{"start":{"line":297,"column":6},"end":{"line":299,"column":7}},{"start":{},"end":{}}],"line":297},"30":{"loc":{"start":{"line":304,"column":6},"end":{"line":306,"column":7}},"type":"if","locations":[{"start":{"line":304,"column":6},"end":{"line":306,"column":7}},{"start":{},"end":{}}],"line":304},"31":{"loc":{"start":{"line":304,"column":10},"end":{"line":304,"column":70}},"type":"binary-expr","locations":[{"start":{"line":304,"column":10},"end":{"line":304,"column":18}},{"start":{"line":304,"column":22},"end":{"line":304,"column":47}},{"start":{"line":304,"column":51},"end":{"line":304,"column":70}}],"line":304},"32":{"loc":{"start":{"line":309,"column":6},"end":{"line":314,"column":7}},"type":"if","locations":[{"start":{"line":309,"column":6},"end":{"line":314,"column":7}},{"start":{},"end":{}}],"line":309},"33":{"loc":{"start":{"line":309,"column":10},"end":{"line":309,"column":47}},"type":"binary-expr","locations":[{"start":{"line":309,"column":10},"end":{"line":309,"column":18}},{"start":{"line":309,"column":22},"end":{"line":309,"column":47}}],"line":309},"34":{"loc":{"start":{"line":311,"column":8},"end":{"line":313,"column":9}},"type":"if","locations":[{"start":{"line":311,"column":8},"end":{"line":313,"column":9}},{"start":{},"end":{}}],"line":311},"35":{"loc":{"start":{"line":346,"column":6},"end":{"line":348,"column":7}},"type":"if","locations":[{"start":{"line":346,"column":6},"end":{"line":348,"column":7}},{"start":{},"end":{}}],"line":346},"36":{"loc":{"start":{"line":351,"column":6},"end":{"line":353,"column":7}},"type":"if","locations":[{"start":{"line":351,"column":6},"end":{"line":353,"column":7}},{"start":{},"end":{}}],"line":351},"37":{"loc":{"start":{"line":351,"column":10},"end":{"line":351,"column":47}},"type":"binary-expr","locations":[{"start":{"line":351,"column":10},"end":{"line":351,"column":18}},{"start":{"line":351,"column":22},"end":{"line":351,"column":47}}],"line":351},"38":{"loc":{"start":{"line":379,"column":6},"end":{"line":381,"column":7}},"type":"if","locations":[{"start":{"line":379,"column":6},"end":{"line":381,"column":7}},{"start":{},"end":{}}],"line":379},"39":{"loc":{"start":{"line":385,"column":6},"end":{"line":387,"column":7}},"type":"if","locations":[{"start":{"line":385,"column":6},"end":{"line":387,"column":7}},{"start":{},"end":{}}],"line":385},"40":{"loc":{"start":{"line":390,"column":6},"end":{"line":392,"column":7}},"type":"if","locations":[{"start":{"line":390,"column":6},"end":{"line":392,"column":7}},{"start":{},"end":{}}],"line":390},"41":{"loc":{"start":{"line":390,"column":10},"end":{"line":390,"column":47}},"type":"binary-expr","locations":[{"start":{"line":390,"column":10},"end":{"line":390,"column":18}},{"start":{"line":390,"column":22},"end":{"line":390,"column":47}}],"line":390},"42":{"loc":{"start":{"line":436,"column":6},"end":{"line":438,"column":7}},"type":"if","locations":[{"start":{"line":436,"column":6},"end":{"line":438,"column":7}},{"start":{},"end":{}}],"line":436},"43":{"loc":{"start":{"line":441,"column":6},"end":{"line":443,"column":7}},"type":"if","locations":[{"start":{"line":441,"column":6},"end":{"line":443,"column":7}},{"start":{},"end":{}}],"line":441},"44":{"loc":{"start":{"line":441,"column":10},"end":{"line":441,"column":47}},"type":"binary-expr","locations":[{"start":{"line":441,"column":10},"end":{"line":441,"column":18}},{"start":{"line":441,"column":22},"end":{"line":441,"column":47}}],"line":441},"45":{"loc":{"start":{"line":473,"column":6},"end":{"line":475,"column":7}},"type":"if","locations":[{"start":{"line":473,"column":6},"end":{"line":475,"column":7}},{"start":{},"end":{}}],"line":473},"46":{"loc":{"start":{"line":478,"column":6},"end":{"line":480,"column":7}},"type":"if","locations":[{"start":{"line":478,"column":6},"end":{"line":480,"column":7}},{"start":{},"end":{}}],"line":478},"47":{"loc":{"start":{"line":478,"column":10},"end":{"line":478,"column":47}},"type":"binary-expr","locations":[{"start":{"line":478,"column":10},"end":{"line":478,"column":18}},{"start":{"line":478,"column":22},"end":{"line":478,"column":47}}],"line":478},"48":{"loc":{"start":{"line":502,"column":22},"end":{"line":502,"column":32}},"type":"default-arg","locations":[{"start":{"line":502,"column":30},"end":{"line":502,"column":32}}],"line":502},"49":{"loc":{"start":{"line":502,"column":34},"end":{"line":502,"column":44}},"type":"default-arg","locations":[{"start":{"line":502,"column":43},"end":{"line":502,"column":44}}],"line":502},"50":{"loc":{"start":{"line":504,"column":6},"end":{"line":506,"column":7}},"type":"if","locations":[{"start":{"line":504,"column":6},"end":{"line":506,"column":7}},{"start":{},"end":{}}],"line":504},"51":{"loc":{"start":{"line":556,"column":6},"end":{"line":558,"column":7}},"type":"if","locations":[{"start":{"line":556,"column":6},"end":{"line":558,"column":7}},{"start":{},"end":{}}],"line":556},"52":{"loc":{"start":{"line":566,"column":31},"end":{"line":566,"column":85}},"type":"cond-expr","locations":[{"start":{"line":566,"column":54},"end":{"line":566,"column":81}},{"start":{"line":566,"column":84},"end":{"line":566,"column":85}}],"line":566},"53":{"loc":{"start":{"line":588,"column":51},"end":{"line":588,"column":84}},"type":"binary-expr","locations":[{"start":{"line":588,"column":51},"end":{"line":588,"column":62}},{"start":{"line":588,"column":66},"end":{"line":588,"column":84}}],"line":588}},"s":{"0":0,"1":0,"2":0,"3":0,"4":0,"5":0,"6":0,"7":0,"8":0,"9":0,"10":0,"11":0,"12":0,"13":0,"14":0,"15":0,"16":0,"17":0,"18":0,"19":0,"20":0,"21":0,"22":0,"23":0,"24":0,"25":0,"26":0,"27":0,"28":0,"29":0,"30":0,"31":0,"32":0,"33":0,"34":0,"35":0,"36":0,"37":0,"38":0,"39":0,"40":0,"41":0,"42":0,"43":0,"44":0,"45":0,"46":0,"47":0,"48":0,"49":0,"50":0,"51":0,"52":0,"53":0,"54":0,"55":0,"56":0,"57":0,"58":0,"59":0,"60":0,"61":0,"62":0,"63":0,"64":0,"65":0,"66":0,"67":0,"68":0,"69":0,"70":0,"71":0,"72":0,"73":0,"74":0,"75":0,"76":0,"77":0,"78":0,"79":0,"80":0,"81":0,"82":0,"83":0,"84":0,"85":0,"86":0,"87":0,"88":0,"89":0,"90":0,"91":0,"92":0,"93":0,"94":0,"95":0,"96":0,"97":0,"98":0,"99":0,"100":0,"101":0,"102":0,"103":0,"104":0,"105":0,"106":0,"107":0,"108":0,"109":0,"110":0,"111":0,"112":0,"113":0,"114":0,"115":0,"116":0,"117":0,"118":0,"119":0,"120":0,"121":0,"122":0,"123":0,"124":0,"125":0,"126":0,"127":0,"128":0,"129":0,"130":0,"131":0,"132":0,"133":0,"134":0,"135":0,"136":0,"137":0,"138":0,"139":0,"140":0,"141":0,"142":0,"143":0,"144":0,"145":0,"146":0,"147":0,"148":0,"149":0,"150":0,"151":0,"152":0,"153":0,"154":0,"155":0,"156":0,"157":0,"158":0,"159":0,"160":0,"161":0,"162":0,"163":0,"164":0,"165":0,"166":0,"167":0,"168":0,"169":0,"170":0,"171":0,"172":0,"173":0,"174":0,"175":0,"176":0,"177":0},"f":{"0":0,"1":0,"2":0,"3":0,"4":0,"5":0,"6":0,"7":0,"8":0,"9":0,"10":0,"11":0,"12":0,"13":0},"b":{"0":[0,0],"1":[0],"2":[0,0],"3":[0,0],"4":[0,0],"5":[0,0],"6":[0,0],"7":[0,0],"8":[0,0],"9":[0,0],"10":[0,0,0],"11":[0,0],"12":[0,0],"13":[0,0],"14":[0,0],"15":[0,0],"16":[0,0],"17":[0,0],"18":[0,0],"19":[0,0],"20":[0,0],"21":[0,0],"22":[0,0],"23":[0,0],"24":[0,0],"25":[0,0],"26":[0,0],"27":[0,0],"28":[0,0],"29":[0,0],"30":[0,0],"31":[0,0,0],"32":[0,0],"33":[0,0],"34":[0,0],"35":[0,0],"36":[0,0],"37":[0,0],"38":[0,0],"39":[0,0],"40":[0,0],"41":[0,0],"42":[0,0],"43":[0,0],"44":[0,0],"45":[0,0],"46":[0,0],"47":[0,0],"48":[0],"49":[0],"50":[0,0],"51":[0,0],"52":[0,0],"53":[0,0]},"inputSourceMap":null}
,"C:\\Users\\eriki\\Desktop\\TFG\\filmsage-backend\\src\\controllers\\userInteraction.controller.js": {"path":"C:\\Users\\eriki\\Desktop\\TFG\\filmsage-backend\\src\\controllers\\userInteraction.controller.js","statementMap":{"0":{"start":{"line":13,"column":34},"end":{"line":597,"column":1}},"1":{"start":{"line":27,"column":4},"end":{"line":76,"column":5}},"2":{"start":{"line":28,"column":48},"end":{"line":28,"column":56}},"3":{"start":{"line":29,"column":22},"end":{"line":29,"column":33}},"4":{"start":{"line":31,"column":29},"end":{"line":31,"column":89}},"5":{"start":{"line":33,"column":6},"end":{"line":52,"column":7}},"6":{"start":{"line":34,"column":30},"end":{"line":38,"column":9}},"7":{"start":{"line":40,"column":8},"end":{"line":46,"column":11}},"8":{"start":{"line":48,"column":8},"end":{"line":51,"column":11}},"9":{"start":{"line":54,"column":24},"end":{"line":59,"column":8}},"10":{"start":{"line":61,"column":6},"end":{"line":67,"column":9}},"11":{"start":{"line":69,"column":6},"end":{"line":72,"column":9}},"12":{"start":{"line":74,"column":6},"end":{"line":74,"column":53}},"13":{"start":{"line":75,"column":6},"end":{"line":75,"column":79}},"14":{"start":{"line":89,"column":4},"end":{"line":111,"column":5}},"15":{"start":{"line":90,"column":25},"end":{"line":90,"column":35}},"16":{"start":{"line":91,"column":6},"end":{"line":91,"column":55}},"17":{"start":{"line":93,"column":22},"end":{"line":93,"column":89}},"18":{"start":{"line":94,"column":6},"end":{"line":94,"column":52}},"19":{"start":{"line":97,"column":26},"end":{"line":97,"column":27}},"20":{"start":{"line":98,"column":6},"end":{"line":101,"column":7}},"21":{"start":{"line":99,"column":20},"end":{"line":99,"column":75}},"22":{"start":{"line":99,"column":52},"end":{"line":99,"column":71}},"23":{"start":{"line":100,"column":8},"end":{"line":100,"column":70}},"24":{"start":{"line":103,"column":6},"end":{"line":107,"column":9}},"25":{"start":{"line":109,"column":6},"end":{"line":109,"column":54}},"26":{"start":{"line":110,"column":6},"end":{"line":110,"column":79}},"27":{"start":{"line":124,"column":4},"end":{"line":157,"column":5}},"28":{"start":{"line":125,"column":25},"end":{"line":125,"column":35}},"29":{"start":{"line":126,"column":6},"end":{"line":126,"column":68}},"30":{"start":{"line":128,"column":22},"end":{"line":128,"column":85}},"31":{"start":{"line":129,"column":6},"end":{"line":129,"column":65}},"32":{"start":{"line":132,"column":22},"end":{"line":140,"column":9}},"33":{"start":{"line":132,"column":45},"end":{"line":140,"column":7}},"34":{"start":{"line":143,"column":26},"end":{"line":143,"column":27}},"35":{"start":{"line":144,"column":6},"end":{"line":147,"column":7}},"36":{"start":{"line":145,"column":20},"end":{"line":145,"column":75}},"37":{"start":{"line":145,"column":52},"end":{"line":145,"column":71}},"38":{"start":{"line":146,"column":8},"end":{"line":146,"column":70}},"39":{"start":{"line":149,"column":6},"end":{"line":153,"column":9}},"40":{"start":{"line":155,"column":6},"end":{"line":155,"column":67}},"41":{"start":{"line":156,"column":6},"end":{"line":156,"column":92}},"42":{"start":{"line":168,"column":4},"end":{"line":179,"column":5}},"43":{"start":{"line":169,"column":22},"end":{"line":169,"column":72}},"44":{"start":{"line":170,"column":6},"end":{"line":170,"column":64}},"45":{"start":{"line":172,"column":6},"end":{"line":175,"column":9}},"46":{"start":{"line":177,"column":6},"end":{"line":177,"column":58}},"47":{"start":{"line":178,"column":6},"end":{"line":178,"column":83}},"48":{"start":{"line":195,"column":4},"end":{"line":229,"column":5}},"49":{"start":{"line":196,"column":66},"end":{"line":196,"column":74}},"50":{"start":{"line":197,"column":22},"end":{"line":197,"column":33}},"51":{"start":{"line":199,"column":27},"end":{"line":199,"column":90}},"52":{"start":{"line":201,"column":6},"end":{"line":205,"column":7}},"53":{"start":{"line":202,"column":8},"end":{"line":204,"column":11}},"54":{"start":{"line":207,"column":31},"end":{"line":212,"column":8}},"55":{"start":{"line":214,"column":6},"end":{"line":220,"column":9}},"56":{"start":{"line":222,"column":6},"end":{"line":225,"column":9}},"57":{"start":{"line":227,"column":6},"end":{"line":227,"column":56}},"58":{"start":{"line":228,"column":6},"end":{"line":228,"column":82}},"59":{"start":{"line":244,"column":4},"end":{"line":265,"column":5}},"60":{"start":{"line":245,"column":21},"end":{"line":245,"column":31}},"61":{"start":{"line":246,"column":25},"end":{"line":246,"column":33}},"62":{"start":{"line":248,"column":26},"end":{"line":252,"column":7}},"63":{"start":{"line":254,"column":6},"end":{"line":256,"column":7}},"64":{"start":{"line":255,"column":8},"end":{"line":255,"column":77}},"65":{"start":{"line":258,"column":6},"end":{"line":261,"column":9}},"66":{"start":{"line":263,"column":6},"end":{"line":263,"column":56}},"67":{"start":{"line":264,"column":6},"end":{"line":264,"column":81}},"68":{"start":{"line":278,"column":4},"end":{"line":287,"column":5}},"69":{"start":{"line":279,"column":25},"end":{"line":279,"column":35}},"70":{"start":{"line":281,"column":24},"end":{"line":281,"column":92}},"71":{"start":{"line":283,"column":6},"end":{"line":283,"column":42}},"72":{"start":{"line":285,"column":6},"end":{"line":285,"column":56}},"73":{"start":{"line":286,"column":6},"end":{"line":286,"column":81}},"74":{"start":{"line":302,"column":4},"end":{"line":334,"column":5}},"75":{"start":{"line":303,"column":40},"end":{"line":303,"column":48}},"76":{"start":{"line":304,"column":22},"end":{"line":304,"column":33}},"77":{"start":{"line":306,"column":31},"end":{"line":306,"column":93}},"78":{"start":{"line":308,"column":6},"end":{"line":312,"column":7}},"79":{"start":{"line":309,"column":8},"end":{"line":311,"column":11}},"80":{"start":{"line":314,"column":26},"end":{"line":318,"column":8}},"81":{"start":{"line":320,"column":6},"end":{"line":325,"column":9}},"82":{"start":{"line":327,"column":6},"end":{"line":330,"column":9}},"83":{"start":{"line":332,"column":6},"end":{"line":332,"column":55}},"84":{"start":{"line":333,"column":6},"end":{"line":333,"column":81}},"85":{"start":{"line":349,"column":4},"end":{"line":366,"column":5}},"86":{"start":{"line":350,"column":46},"end":{"line":350,"column":56}},"87":{"start":{"line":352,"column":30},"end":{"line":356,"column":8}},"88":{"start":{"line":358,"column":6},"end":{"line":360,"column":7}},"89":{"start":{"line":359,"column":8},"end":{"line":359,"column":71}},"90":{"start":{"line":362,"column":6},"end":{"line":362,"column":84}},"91":{"start":{"line":364,"column":6},"end":{"line":364,"column":55}},"92":{"start":{"line":365,"column":6},"end":{"line":365,"column":80}},"93":{"start":{"line":380,"column":4},"end":{"line":397,"column":5}},"94":{"start":{"line":381,"column":46},"end":{"line":381,"column":56}},"95":{"start":{"line":383,"column":28},"end":{"line":387,"column":8}},"96":{"start":{"line":389,"column":6},"end":{"line":391,"column":7}},"97":{"start":{"line":390,"column":8},"end":{"line":390,"column":69}},"98":{"start":{"line":393,"column":6},"end":{"line":393,"column":71}},"99":{"start":{"line":395,"column":6},"end":{"line":395,"column":53}},"100":{"start":{"line":396,"column":6},"end":{"line":396,"column":78}},"101":{"start":{"line":409,"column":4},"end":{"line":422,"column":5}},"102":{"start":{"line":410,"column":21},"end":{"line":410,"column":31}},"103":{"start":{"line":412,"column":26},"end":{"line":412,"column":75}},"104":{"start":{"line":414,"column":6},"end":{"line":416,"column":7}},"105":{"start":{"line":415,"column":8},"end":{"line":415,"column":77}},"106":{"start":{"line":418,"column":6},"end":{"line":418,"column":84}},"107":{"start":{"line":420,"column":6},"end":{"line":420,"column":61}},"108":{"start":{"line":421,"column":6},"end":{"line":421,"column":86}},"109":{"start":{"line":435,"column":4},"end":{"line":444,"column":5}},"110":{"start":{"line":436,"column":25},"end":{"line":436,"column":35}},"111":{"start":{"line":438,"column":24},"end":{"line":438,"column":93}},"112":{"start":{"line":440,"column":6},"end":{"line":440,"column":42}},"113":{"start":{"line":442,"column":6},"end":{"line":442,"column":56}},"114":{"start":{"line":443,"column":6},"end":{"line":443,"column":81}},"115":{"start":{"line":458,"column":4},"end":{"line":492,"column":5}},"116":{"start":{"line":459,"column":30},"end":{"line":459,"column":38}},"117":{"start":{"line":460,"column":26},"end":{"line":460,"column":37}},"118":{"start":{"line":462,"column":6},"end":{"line":464,"column":7}},"119":{"start":{"line":463,"column":8},"end":{"line":463,"column":75}},"120":{"start":{"line":466,"column":29},"end":{"line":466,"column":83}},"121":{"start":{"line":468,"column":6},"end":{"line":472,"column":7}},"122":{"start":{"line":469,"column":8},"end":{"line":471,"column":11}},"123":{"start":{"line":474,"column":24},"end":{"line":477,"column":8}},"124":{"start":{"line":479,"column":6},"end":{"line":483,"column":9}},"125":{"start":{"line":485,"column":6},"end":{"line":488,"column":9}},"126":{"start":{"line":490,"column":6},"end":{"line":490,"column":53}},"127":{"start":{"line":491,"column":6},"end":{"line":491,"column":79}},"128":{"start":{"line":506,"column":4},"end":{"line":522,"column":5}},"129":{"start":{"line":507,"column":41},"end":{"line":507,"column":51}},"130":{"start":{"line":509,"column":28},"end":{"line":512,"column":8}},"131":{"start":{"line":514,"column":6},"end":{"line":516,"column":7}},"132":{"start":{"line":515,"column":8},"end":{"line":515,"column":82}},"133":{"start":{"line":518,"column":6},"end":{"line":518,"column":72}},"134":{"start":{"line":520,"column":6},"end":{"line":520,"column":54}},"135":{"start":{"line":521,"column":6},"end":{"line":521,"column":79}},"136":{"start":{"line":535,"column":4},"end":{"line":546,"column":5}},"137":{"start":{"line":536,"column":25},"end":{"line":536,"column":35}},"138":{"start":{"line":538,"column":24},"end":{"line":540,"column":33}},"139":{"start":{"line":542,"column":6},"end":{"line":542,"column":42}},"140":{"start":{"line":544,"column":6},"end":{"line":544,"column":56}},"141":{"start":{"line":545,"column":6},"end":{"line":545,"column":81}},"142":{"start":{"line":559,"column":4},"end":{"line":570,"column":5}},"143":{"start":{"line":560,"column":25},"end":{"line":560,"column":35}},"144":{"start":{"line":562,"column":24},"end":{"line":564,"column":33}},"145":{"start":{"line":566,"column":6},"end":{"line":566,"column":42}},"146":{"start":{"line":568,"column":6},"end":{"line":568,"column":56}},"147":{"start":{"line":569,"column":6},"end":{"line":569,"column":81}},"148":{"start":{"line":583,"column":4},"end":{"line":595,"column":5}},"149":{"start":{"line":584,"column":25},"end":{"line":584,"column":35}},"150":{"start":{"line":586,"column":25},"end":{"line":589,"column":18}},"151":{"start":{"line":591,"column":6},"end":{"line":591,"column":43}},"152":{"start":{"line":593,"column":6},"end":{"line":593,"column":55}},"153":{"start":{"line":594,"column":6},"end":{"line":594,"column":80}}},"fnMap":{"0":{"name":"(anonymous_0)","decl":{"start":{"line":26,"column":13},"end":{"line":26,"column":14}},"loc":{"start":{"line":26,"column":33},"end":{"line":77,"column":3}},"line":26},"1":{"name":"(anonymous_1)","decl":{"start":{"line":88,"column":18},"end":{"line":88,"column":19}},"loc":{"start":{"line":88,"column":38},"end":{"line":112,"column":3}},"line":88},"2":{"name":"(anonymous_2)","decl":{"start":{"line":99,"column":35},"end":{"line":99,"column":36}},"loc":{"start":{"line":99,"column":52},"end":{"line":99,"column":71}},"line":99},"3":{"name":"(anonymous_3)","decl":{"start":{"line":123,"column":29},"end":{"line":123,"column":30}},"loc":{"start":{"line":123,"column":49},"end":{"line":158,"column":3}},"line":123},"4":{"name":"(anonymous_4)","decl":{"start":{"line":132,"column":34},"end":{"line":132,"column":35}},"loc":{"start":{"line":132,"column":45},"end":{"line":140,"column":7}},"line":132},"5":{"name":"(anonymous_5)","decl":{"start":{"line":145,"column":35},"end":{"line":145,"column":36}},"loc":{"start":{"line":145,"column":52},"end":{"line":145,"column":71}},"line":145},"6":{"name":"(anonymous_6)","decl":{"start":{"line":167,"column":17},"end":{"line":167,"column":18}},"loc":{"start":{"line":167,"column":37},"end":{"line":180,"column":3}},"line":167},"7":{"name":"(anonymous_7)","decl":{"start":{"line":194,"column":18},"end":{"line":194,"column":19}},"loc":{"start":{"line":194,"column":38},"end":{"line":230,"column":3}},"line":194},"8":{"name":"(anonymous_8)","decl":{"start":{"line":243,"column":25},"end":{"line":243,"column":26}},"loc":{"start":{"line":243,"column":45},"end":{"line":266,"column":3}},"line":243},"9":{"name":"(anonymous_9)","decl":{"start":{"line":277,"column":20},"end":{"line":277,"column":21}},"loc":{"start":{"line":277,"column":40},"end":{"line":288,"column":3}},"line":277},"10":{"name":"(anonymous_10)","decl":{"start":{"line":301,"column":18},"end":{"line":301,"column":19}},"loc":{"start":{"line":301,"column":38},"end":{"line":335,"column":3}},"line":301},"11":{"name":"(anonymous_11)","decl":{"start":{"line":348,"column":23},"end":{"line":348,"column":24}},"loc":{"start":{"line":348,"column":43},"end":{"line":367,"column":3}},"line":348},"12":{"name":"(anonymous_12)","decl":{"start":{"line":379,"column":16},"end":{"line":379,"column":17}},"loc":{"start":{"line":379,"column":36},"end":{"line":398,"column":3}},"line":379},"13":{"name":"(anonymous_13)","decl":{"start":{"line":408,"column":23},"end":{"line":408,"column":24}},"loc":{"start":{"line":408,"column":43},"end":{"line":423,"column":3}},"line":408},"14":{"name":"(anonymous_14)","decl":{"start":{"line":434,"column":20},"end":{"line":434,"column":21}},"loc":{"start":{"line":434,"column":40},"end":{"line":445,"column":3}},"line":434},"15":{"name":"(anonymous_15)","decl":{"start":{"line":457,"column":14},"end":{"line":457,"column":15}},"loc":{"start":{"line":457,"column":34},"end":{"line":493,"column":3}},"line":457},"16":{"name":"(anonymous_16)","decl":{"start":{"line":505,"column":16},"end":{"line":505,"column":17}},"loc":{"start":{"line":505,"column":36},"end":{"line":523,"column":3}},"line":505},"17":{"name":"(anonymous_17)","decl":{"start":{"line":534,"column":20},"end":{"line":534,"column":21}},"loc":{"start":{"line":534,"column":40},"end":{"line":547,"column":3}},"line":534},"18":{"name":"(anonymous_18)","decl":{"start":{"line":558,"column":20},"end":{"line":558,"column":21}},"loc":{"start":{"line":558,"column":40},"end":{"line":571,"column":3}},"line":558},"19":{"name":"(anonymous_19)","decl":{"start":{"line":582,"column":19},"end":{"line":582,"column":20}},"loc":{"start":{"line":582,"column":39},"end":{"line":596,"column":3}},"line":582}},"branchMap":{"0":{"loc":{"start":{"line":33,"column":6},"end":{"line":52,"column":7}},"type":"if","locations":[{"start":{"line":33,"column":6},"end":{"line":52,"column":7}},{"start":{},"end":{}}],"line":33},"1":{"loc":{"start":{"line":98,"column":6},"end":{"line":101,"column":7}},"type":"if","locations":[{"start":{"line":98,"column":6},"end":{"line":101,"column":7}},{"start":{},"end":{}}],"line":98},"2":{"loc":{"start":{"line":144,"column":6},"end":{"line":147,"column":7}},"type":"if","locations":[{"start":{"line":144,"column":6},"end":{"line":147,"column":7}},{"start":{},"end":{}}],"line":144},"3":{"loc":{"start":{"line":196,"column":37},"end":{"line":196,"column":61}},"type":"default-arg","locations":[{"start":{"line":196,"column":46},"end":{"line":196,"column":61}}],"line":196},"4":{"loc":{"start":{"line":201,"column":6},"end":{"line":205,"column":7}},"type":"if","locations":[{"start":{"line":201,"column":6},"end":{"line":205,"column":7}},{"start":{},"end":{}}],"line":201},"5":{"loc":{"start":{"line":254,"column":6},"end":{"line":256,"column":7}},"type":"if","locations":[{"start":{"line":254,"column":6},"end":{"line":256,"column":7}},{"start":{},"end":{}}],"line":254},"6":{"loc":{"start":{"line":308,"column":6},"end":{"line":312,"column":7}},"type":"if","locations":[{"start":{"line":308,"column":6},"end":{"line":312,"column":7}},{"start":{},"end":{}}],"line":308},"7":{"loc":{"start":{"line":358,"column":6},"end":{"line":360,"column":7}},"type":"if","locations":[{"start":{"line":358,"column":6},"end":{"line":360,"column":7}},{"start":{},"end":{}}],"line":358},"8":{"loc":{"start":{"line":389,"column":6},"end":{"line":391,"column":7}},"type":"if","locations":[{"start":{"line":389,"column":6},"end":{"line":391,"column":7}},{"start":{},"end":{}}],"line":389},"9":{"loc":{"start":{"line":414,"column":6},"end":{"line":416,"column":7}},"type":"if","locations":[{"start":{"line":414,"column":6},"end":{"line":416,"column":7}},{"start":{},"end":{}}],"line":414},"10":{"loc":{"start":{"line":462,"column":6},"end":{"line":464,"column":7}},"type":"if","locations":[{"start":{"line":462,"column":6},"end":{"line":464,"column":7}},{"start":{},"end":{}}],"line":462},"11":{"loc":{"start":{"line":468,"column":6},"end":{"line":472,"column":7}},"type":"if","locations":[{"start":{"line":468,"column":6},"end":{"line":472,"column":7}},{"start":{},"end":{}}],"line":468},"12":{"loc":{"start":{"line":514,"column":6},"end":{"line":516,"column":7}},"type":"if","locations":[{"start":{"line":514,"column":6},"end":{"line":516,"column":7}},{"start":{},"end":{}}],"line":514}},"s":{"0":0,"1":0,"2":0,"3":0,"4":0,"5":0,"6":0,"7":0,"8":0,"9":0,"10":0,"11":0,"12":0,"13":0,"14":0,"15":0,"16":0,"17":0,"18":0,"19":0,"20":0,"21":0,"22":0,"23":0,"24":0,"25":0,"26":0,"27":0,"28":0,"29":0,"30":0,"31":0,"32":0,"33":0,"34":0,"35":0,"36":0,"37":0,"38":0,"39":0,"40":0,"41":0,"42":0,"43":0,"44":0,"45":0,"46":0,"47":0,"48":0,"49":0,"50":0,"51":0,"52":0,"53":0,"54":0,"55":0,"56":0,"57":0,"58":0,"59":0,"60":0,"61":0,"62":0,"63":0,"64":0,"65":0,"66":0,"67":0,"68":0,"69":0,"70":0,"71":0,"72":0,"73":0,"74":0,"75":0,"76":0,"77":0,"78":0,"79":0,"80":0,"81":0,"82":0,"83":0,"84":0,"85":0,"86":0,"87":0,"88":0,"89":0,"90":0,"91":0,"92":0,"93":0,"94":0,"95":0,"96":0,"97":0,"98":0,"99":0,"100":0,"101":0,"102":0,"103":0,"104":0,"105":0,"106":0,"107":0,"108":0,"109":0,"110":0,"111":0,"112":0,"113":0,"114":0,"115":0,"116":0,"117":0,"118":0,"119":0,"120":0,"121":0,"122":0,"123":0,"124":0,"125":0,"126":0,"127":0,"128":0,"129":0,"130":0,"131":0,"132":0,"133":0,"134":0,"135":0,"136":0,"137":0,"138":0,"139":0,"140":0,"141":0,"142":0,"143":0,"144":0,"145":0,"146":0,"147":0,"148":0,"149":0,"150":0,"151":0,"152":0,"153":0},"f":{"0":0,"1":0,"2":0,"3":0,"4":0,"5":0,"6":0,"7":0,"8":0,"9":0,"10":0,"11":0,"12":0,"13":0,"14":0,"15":0,"16":0,"17":0,"18":0,"19":0},"b":{"0":[0,0],"1":[0,0],"2":[0,0],"3":[0],"4":[0,0],"5":[0,0],"6":[0,0],"7":[0,0],"8":[0,0],"9":[0,0],"10":[0,0],"11":[0,0],"12":[0,0]},"inputSourceMap":null}
,"C:\\Users\\eriki\\Desktop\\TFG\\filmsage-backend\\src\\middleware\\auth.middleware.js": {"path":"C:\\Users\\eriki\\Desktop\\TFG\\filmsage-backend\\src\\middleware\\auth.middleware.js","statementMap":{"0":{"start":{"line":29,"column":33},"end":{"line":56,"column":1}},"1":{"start":{"line":30,"column":2},"end":{"line":55,"column":3}},"2":{"start":{"line":31,"column":23},"end":{"line":31,"column":48}},"3":{"start":{"line":32,"column":18},"end":{"line":32,"column":56}},"4":{"start":{"line":34,"column":4},"end":{"line":36,"column":5}},"5":{"start":{"line":35,"column":6},"end":{"line":35,"column":83}},"6":{"start":{"line":38,"column":20},"end":{"line":38,"column":38}},"7":{"start":{"line":39,"column":17},"end":{"line":39,"column":48}},"8":{"start":{"line":41,"column":4},"end":{"line":43,"column":5}},"9":{"start":{"line":42,"column":6},"end":{"line":42,"column":77}},"10":{"start":{"line":45,"column":4},"end":{"line":50,"column":6}},"11":{"start":{"line":52,"column":4},"end":{"line":52,"column":11}},"12":{"start":{"line":54,"column":4},"end":{"line":54,"column":73}},"13":{"start":{"line":70,"column":29},"end":{"line":84,"column":1}},"14":{"start":{"line":71,"column":2},"end":{"line":83,"column":4}},"15":{"start":{"line":72,"column":4},"end":{"line":74,"column":5}},"16":{"start":{"line":73,"column":6},"end":{"line":73,"column":68}},"17":{"start":{"line":76,"column":4},"end":{"line":80,"column":5}},"18":{"start":{"line":77,"column":6},"end":{"line":79,"column":9}},"19":{"start":{"line":82,"column":4},"end":{"line":82,"column":11}}},"fnMap":{"0":{"name":"(anonymous_0)","decl":{"start":{"line":29,"column":33},"end":{"line":29,"column":34}},"loc":{"start":{"line":29,"column":59},"end":{"line":56,"column":1}},"line":29},"1":{"name":"(anonymous_1)","decl":{"start":{"line":70,"column":29},"end":{"line":70,"column":30}},"loc":{"start":{"line":70,"column":40},"end":{"line":84,"column":1}},"line":70},"2":{"name":"(anonymous_2)","decl":{"start":{"line":71,"column":9},"end":{"line":71,"column":10}},"loc":{"start":{"line":71,"column":29},"end":{"line":83,"column":3}},"line":71}},"branchMap":{"0":{"loc":{"start":{"line":32,"column":18},"end":{"line":32,"column":56}},"type":"binary-expr","locations":[{"start":{"line":32,"column":18},"end":{"line":32,"column":28}},{"start":{"line":32,"column":32},"end":{"line":32,"column":56}}],"line":32},"1":{"loc":{"start":{"line":34,"column":4},"end":{"line":36,"column":5}},"t
[...]
:{"line":161,"column":8},"end":{"line":163,"column":9}},"62":{"start":{"line":162,"column":12},"end":{"line":162,"column":58}},"63":{"start":{"line":165,"column":8},"end":{"line":165,"column":29}},"64":{"start":{"line":167,"column":8},"end":{"line":167,"column":64}},"65":{"start":{"line":168,"column":8},"end":{"line":168,"column":20}},"66":{"start":{"line":178,"column":4},"end":{"line":180,"column":5}},"67":{"start":{"line":179,"column":8},"end":{"line":179,"column":54}},"68":{"start":{"line":182,"column":4},"end":{"line":184,"column":5}},"69":{"start":{"line":183,"column":8},"end":{"line":183,"column":52}},"70":{"start":{"line":186,"column":4},"end":{"line":202,"column":5}},"71":{"start":{"line":187,"column":25},"end":{"line":192,"column":10}},"72":{"start":{"line":194,"column":8},"end":{"line":196,"column":9}},"73":{"start":{"line":195,"column":12},"end":{"line":195,"column":47}},"74":{"start":{"line":198,"column":8},"end":{"line":198,"column":29}},"75":{"start":{"line":200,"column":8},"end":{"line":200,"column":69}},"76":{"start":{"line":201,"column":8},"end":{"line":201,"column":20}},"77":{"start":{"line":211,"column":4},"end":{"line":213,"column":5}},"78":{"start":{"line":212,"column":8},"end":{"line":212,"column":52}},"79":{"start":{"line":215,"column":4},"end":{"line":232,"column":5}},"80":{"start":{"line":216,"column":25},"end":{"line":222,"column":10}},"81":{"start":{"line":224,"column":8},"end":{"line":226,"column":9}},"82":{"start":{"line":225,"column":12},"end":{"line":225,"column":58}},"83":{"start":{"line":228,"column":8},"end":{"line":228,"column":29}},"84":{"start":{"line":230,"column":8},"end":{"line":230,"column":66}},"85":{"start":{"line":231,"column":8},"end":{"line":231,"column":20}},"86":{"start":{"line":241,"column":4},"end":{"line":243,"column":5}},"87":{"start":{"line":242,"column":8},"end":{"line":242,"column":56}},"88":{"start":{"line":245,"column":4},"end":{"line":247,"column":5}},"89":{"start":{"line":246,"column":8},"end":{"line":246,"column":52}},"90":{"start":{"line":249,"column":4},"end":{"line":265,"column":5}},"91":{"start":{"line":250,"column":25},"end":{"line":255,"column":10}},"92":{"start":{"line":257,"column":8},"end":{"line":259,"column":9}},"93":{"start":{"line":258,"column":12},"end":{"line":258,"column":49}},"94":{"start":{"line":261,"column":8},"end":{"line":261,"column":29}},"95":{"start":{"line":263,"column":8},"end":{"line":263,"column":71}},"96":{"start":{"line":264,"column":8},"end":{"line":264,"column":20}},"97":{"start":{"line":274,"column":4},"end":{"line":276,"column":5}},"98":{"start":{"line":275,"column":8},"end":{"line":275,"column":52}},"99":{"start":{"line":278,"column":4},"end":{"line":295,"column":5}},"100":{"start":{"line":279,"column":25},"end":{"line":285,"column":10}},"101":{"start":{"line":287,"column":8},"end":{"line":289,"column":9}},"102":{"start":{"line":288,"column":12},"end":{"line":288,"column":58}},"103":{"start":{"line":291,"column":8},"end":{"line":291,"column":29}},"104":{"start":{"line":293,"column":8},"end":{"line":293,"column":70}},"105":{"start":{"line":294,"column":8},"end":{"line":294,"column":20}},"106":{"start":{"line":304,"column":4},"end":{"line":306,"column":5}},"107":{"start":{"line":305,"column":8},"end":{"line":305,"column":52}},"108":{"start":{"line":308,"column":4},"end":{"line":325,"column":5}},"109":{"start":{"line":309,"column":25},"end":{"line":315,"column":10}},"110":{"start":{"line":317,"column":8},"end":{"line":319,"column":9}},"111":{"start":{"line":318,"column":12},"end":{"line":318,"column":58}},"112":{"start":{"line":321,"column":8},"end":{"line":321,"column":29}},"113":{"start":{"line":323,"column":8},"end":{"line":323,"column":72}},"114":{"start":{"line":324,"column":8},"end":{"line":324,"column":20}},"115":{"start":{"line":335,"column":4},"end":{"line":337,"column":5}},"116":{"start":{"line":336,"column":8},"end":{"line":336,"column":48}},"117":{"start":{"line":339,"column":4},"end":{"line":341,"column":5}},"118":{"start":{"line":340,"column":8},"end":{"line":340,"column":52}},"119":{"start":{"line":343,"column":19},"end":{"line":343,"column":74}},"120":{"start":{"line":345,"column":4},"end":{"line":363,"column":5}},"121":{"start":{"line":346,"column":25},"end":{"line":353,"column":10}},"122":{"start":{"line":355,"column":8},"end":{"line":357,"column":9}},"123":{"start":{"line":356,"column":12},"end":{"line":356,"column":58}},"124":{"start":{"line":359,"column":8},"end":{"line":359,"column":29}},"125":{"start":{"line":361,"column":8},"end":{"line":361,"column":71}},"126":{"start":{"line":362,"column":8},"end":{"line":362,"column":20}},"127":{"start":{"line":371,"column":4},"end":{"line":373,"column":5}},"128":{"start":{"line":372,"column":8},"end":{"line":372,"column":52}},"129":{"start":{"line":375,"column":4},"end":{"line":391,"column":5}},"130":{"start":{"line":376,"column":25},"end":{"line":381,"column":10}},"131":{"start":{"line":383,"column":8},"end":{"line":385,"column":9}},"132":{"start":{"line":384,"column":12},"end":{"line":384,"column":58}},"133":{"start":{"line":387,"column":8},"end":{"line":387,"column":29}},"134":{"start":{"line":389,"column":8},"end":{"line":389,"column":62}},"135":{"start":{"line":390,"column":8},"end":{"line":390,"column":20}},"136":{"start":{"line":400,"column":4},"end":{"line":402,"column":5}},"137":{"start":{"line":401,"column":8},"end":{"line":401,"column":54}},"138":{"start":{"line":404,"column":4},"end":{"line":406,"column":5}},"139":{"start":{"line":405,"column":8},"end":{"line":405,"column":52}},"140":{"start":{"line":408,"column":4},"end":{"line":423,"column":5}},"141":{"start":{"line":409,"column":25},"end":{"line":413,"column":10}},"142":{"start":{"line":415,"column":8},"end":{"line":417,"column":9}},"143":{"start":{"line":416,"column":12},"end":{"line":416,"column":55}},"144":{"start":{"line":419,"column":8},"end":{"line":419,"column":29}},"145":{"start":{"line":421,"column":8},"end":{"line":421,"column":69}},"146":{"start":{"line":422,"column":8},"end":{"line":422,"column":20}}},"fnMap":{"0":{"name":"searchMovieId","decl":{"start":{"line":13,"column":15},"end":{"line":13,"column":28}},"loc":{"start":{"line":13,"column":42},"end":{"line":52,"column":1}},"line":13},"1":{"name":"findBestMatch","decl":{"start":{"line":61,"column":9},"end":{"line":61,"column":22}},"loc":{"start":{"line":61,"column":61},"end":{"line":105,"column":1}},"line":61},"2":{"name":"(anonymous_2)","decl":{"start":{"line":63,"column":27},"end":{"line":63,"column":28}},"loc":{"start":{"line":63,"column":38},"end":{"line":63,"column":109}},"line":63},"3":{"name":"(anonymous_3)","decl":{"start":{"line":67,"column":31},"end":{"line":67,"column":32}},"loc":{"start":{"line":67,"column":40},"end":{"line":91,"column":5}},"line":67},"4":{"name":"(anonymous_4)","decl":{"start":{"line":94,"column":16},"end":{"line":94,"column":17}},"loc":{"start":{"line":94,"column":26},"end":{"line":94,"column":43}},"line":94},"5":{"name":"enrichRecommendationsWithTmdbIds","decl":{"start":{"line":112,"column":15},"end":{"line":112,"column":47}},"loc":{"start":{"line":112,"column":65},"end":{"line":140,"column":1}},"line":112},"6":{"name":"(anonymous_6)","decl":{"start":{"line":131,"column":30},"end":{"line":131,"column":31}},"loc":{"start":{"line":131,"column":41},"end":{"line":131,"column":65}},"line":131},"7":{"name":"searchMovies","decl":{"start":{"line":147,"column":15},"end":{"line":147,"column":27}},"loc":{"start":{"line":147,"column":35},"end":{"line":170,"column":1}},"line":147},"8":{"name":"getMovieDetails","decl":{"start":{"line":177,"column":15},"end":{"line":177,"column":30}},"loc":{"start":{"line":177,"column":40},"end":{"line":203,"column":1}},"line":177},"9":{"name":"searchTVShows","decl":{"start":{"line":210,"column":15},"end":{"line":210,"column":28}},"loc":{"start":{"line":210,"column":36},"end":{"line":233,"column":1}},"line":210},"10":{"name":"getTVShowDetails","decl":{"start":{"line":240,"column":15},"end":{"line":240,"column":31}},"loc":{"start":{"line":240,"column":38},"end":{"line":266,"column":1}},"line":240},"11":{"name":"getPopularMovies","decl":{"start":{"line":273,"column":15},"end":{"line":273,"column":31}},"loc":{"start":{"line":273,"column":42},"end":{"line":296,"column":1}},"line":273},"12":{"name":"getTopRatedMovies","decl":{"start":{"line":303,"column":15},"end":{"line":303,"column":32}},"loc":{"start":{"line":303,"column":43},"end":{"line":326,"column":1}},"line":303},"13":{"name":"getMoviesByGenre","decl":{"start":{"line":334,"column":15},"end":{"line":334,"column":31}},"loc":{"start":{"line":334,"column":52},"end":{"line":364,"column":1}},"line":334},"14":{"name":"getGenres","decl":{"start":{"line":370,"column":15},"end":{"line":370,"column":24}},"loc":{"start":{"line":370,"column":27},"end":{"line":392,"column":1}},"line":370},"15":{"name":"getMovieCredits","decl":{"start":{"line":399,"column":15},"end":{"line":399,"column":30}},"loc":{"start":{"line":399,"column":40},"end":{"line":424,"column":1}},"line":399}},"branchMap":{"0":{"loc":{"start":{"line":14,"column":4},"end":{"line":17,"column":5}},"type":"if","locations":[{"start":{"line":14,"column":4},"end":{"line":17,"column":5}},{"start":{},"end":{}}],"line":14},"1":{"loc":{"start":{"line":33,"column":8},"end":{"line":36,"column":9}},"type":"if","locations":[{"start":{"line":33,"column":8},"end":{"line":36,"column":9}},{"start":{},"end":{}}],"line":33},"2":{"loc":{"start":{"line":33,"column":12},"end":{"line":33,"column":44}},"type":"binary-expr","locations":[{"start":{"line":33,"column":12},"end":{"line":33,"column":20}},{"start":{"line":33,"column":24},"end":{"line":33,"column":44}}],"line":33},"3":{"loc":{"start":{"line":41,"column":8},"end":{"line":44,"column":9}},"type":"if","locations":[{"start":{"line":41,"column":8},"end":{"line":44,"column":9}},{"start":{},"end":{}}],"line":41},"4":{"loc":{"start":{"line":68,"column":26},"end":{"line":68,"column":96}},"type":"cond-expr","locations":[{"start":{"line":68,"column":47},"end":{"line":68,"column":89}},{"start":{"line":68,"column":92},"end":{"line":68,"column":96}}],"line":68},"5":{"loc":{"start":{"line":74,"column":8},"end":{"line":78,"column":9}},"type":"if","locations":[{"start":{"line":74,"column":8},"end":{"line":78,"column":9}},{"start":{"line":76,"column":15},"end":{"line":78,"column":9}}],"line":74},"6":{"loc":{"start":{"line":76,"column":15},"end":{"line":78,"column":9}},"type":"if","locations":[{"start":{"line":76,"column":15},"end":{"line":78,"column":9}},{"start":{},"end":{}}],"line":76},"7":{"loc":{"start":{"line":76,"column":19},"end":{"line":76,"column":121}},"type":"binary-expr","locations":[{"start":{"line":76,"column":19},"end":{"line":76,"column":68}},{"start":{"line":76,"column":72},"end":{"line":76,"column":121}}],"line":76},"8":{"loc":{"start":{"line":81,"column":8},"end":{"line":85,"column":9}},"type":"if","locations":[{"start":{"line":81,"column":8},"end":{"line":85,"column":9}},{"start":{"line":83,"column":15},"end":{"line":85,"column":9}}],"line":81},"9":{"loc":{"start":{"line":83,"column":15},"end":{"line":85,"column":9}},"type":"if","locations":[{"start":{"line":83,"column":15},"end":{"line":85,"column":9}},{"start":{},"end":{}}],"line":83},"10":{"loc":{"start":{"line":83,"column":19},"end":{"line":83,"column":71}},"type":"binary-expr","locations":[{"start":{"line":83,"column":19},"end":{"line":83,"column":28}},{"start":{"line":83,"column":32},"end":{"line":83,"column":71}}],"line":83},"11":{"loc":{"start":{"line":100,"column":4},"end":{"line":102,"column":5}},"type":"if","locations":[{"start":{"line":100,"column":4},"end":{"line":102,"column":5}},{"start":{},"end":{}}],"line":100},"12":{"loc":{"start":{"line":100,"column":8},"end":{"line":100,"column":42}},"type":"binary-expr","locations":[{"start":{"line":100,"column":8},"end":{"line":100,"column":17}},{"start":{"line":100,"column":21},"end":{"line":100,"column":42}}],"line":100},"13":{"loc":{"start":{"line":113,"column":4},"end":{"line":116,"column":5}},"type":"if","locations":[{"start":{"line":113,"column":4},"end":{"line":116,"column":5}},{"start":{},"end":{}}],"line":113},"14":{"loc":{"start":{"line":123,"column":12},"end":{"line":126,"column":13}},"type":"if","locations":[{"start":{"line":123,"column":12},"end":{"line":126,"column":13}},{"start":{},"end":{}}],"line":123},"15":{"loc":{"start":{"line":148,"column":4},"end":{"line":150,"column":5}},"type":"if","locations":[{"start":{"line":148,"column":4},"end":{"line":150,"column":5}},{"start":{},"end":{}}],"line":148},"16":{"loc":{"start":{"line":161,"column":8},"end":{"line":163,"column":9}},"type":"if","locations":[{"start":{"line":161,"column":8},"end":{"line":163,"column":9}},{"start":{},"end":{}}],"line":161},"17":{"loc":{"start":{"line":178,"column":4},"end":{"line":180,"column":5}},"type":"if","locations":[{"start":{"line":178,"column":4},"end":{"line":180,"column":5}},{"start":{},"end":{}}],"line":178},"18":{"loc":{"start":{"line":178,"column":8},"end":{"line":178,"column":47}},"type":"binary-expr","locations":[{"start":{"line":178,"column":8},"end":{"line":178,"column":16}},{"start":{"line":178,"column":20},"end":{"line":178,"column":47}}],"line":178},"19":{"loc":{"start":{"line":182,"column":4},"end":{"line":184,"column":5}},"type":"if","locations":[{"start":{"line":182,"column":4},"end":{"line":184,"column":5}},{"start":{},"end":{}}],"line":182},"20":{"loc":{"start":{"line":194,"column":8},"end":{"line":196,"column":9}},"type":"if","locations":[{"start":{"line":194,"column":8},"end":{"line":196,"column":9}},{"start":{},"end":{}}],"line":194},"21":{"loc":{"start":{"line":211,"column":4},"end":{"line":213,"column":5}},"type":"if","locations":[{"start":{"line":211,"column":4},"end":{"line":213,"column":5}},{"start":{},"end":{}}],"line":211},"22":{"loc":{"start":{"line":224,"column":8},"end":{"line":226,"column":9}},"type":"if","locations":[{"start":{"line":224,"column":8},"end":{"line":226,"column":9}},{"start":{},"end":{}}],"line":224},"23":{"loc":{"start":{"line":241,"column":4},"end":{"line":243,"column":5}},"type":"if","locations":[{"start":{"line":241,"column":4},"end":{"line":243,"column":5}},{"start":{},"end":{}}],"line":241},"24":{"loc":{"start":{"line":241,"column":8},"end":{"line":241,"column":41}},"type":"binary-expr","locations":[{"start":{"line":241,"column":8},"end":{"line":241,"column":13}},{"start":{"line":241,"column":17},"end":{"line":241,"column":41}}],"line":241},"25":{"loc":{"start":{"line":245,"column":4},"end":{"line":247,"column":5}},"type":"if","locations":[{"start":{"line":245,"column":4},"end":{"line":247,"column":5}},{"start":{},"end":{}}],"line":245},"26":{"loc":{"start":{"line":257,"column":8},"end":{"line":259,"column":9}},"type":"if","locations":[{"start":{"line":257,"column":8},"end":{"line":259,"column":9}},{"start":{},"end":{}}],"line":257},"27":{"loc":{"start":{"line":273,"column":32},"end":{"line":273,"column":40}},"type":"default-arg","locations":[{"start":{"line":273,"column":39},"end":{"line":273,"column":40}}],"line":273},"28":{"loc":{"start":{"line":274,"column":4},"end":{"line":276,"column":5}},"type":"if","locations":[{"start":{"line":274,"column":4},"end":{"line":276,"column":5}},{"start":{},"end":{}}],"line":274},"29":{"loc":{"start":{"line":287,"column":8},"end":{"line":289,"column":9}},"type":"if","locations":[{"start":{"line":287,"column":8},"end":{"line":289,"column":9}},{"start":{},"end":{}}],"line":287},"30":{"loc":{"start":{"line":303,"column":33},"end":{"line":303,"column":41}},"type":"default-arg","locations":[{"start":{"line":303,"column":40},"end":{"line":303,"column":41}}],"line":303},"31":{"loc":{"start":{"line":304,"column":4},"end":{"line":306,"column":5}},"type":"if","locations":[{"start":{"line":304,"column":4},"end":{"line":306,"column":5}},{"start":{},"end":{}}],"line":304},"32":{"loc":{"start":{"line":317,"column":8},"end":{"line":319,"column":9}},"type":"if","locations":[{"start":{"line":317,"column":8},"end":{"line":319,"column":9}},{"start":{},"end":{}}],"line":317},"33":{"loc":{"start":{"line":334,"column":42},"end":{"line":334,"column":50}},"type":"default-arg","locations":[{"start":{"line":334,"column":49},"end":{"line":334,"column":50}}],"line":334},"34":{"loc":{"start":{"line":335,"column":4},"end":{"line":337,"column":5}},"type":"if","locations":[{"start":{"line":335,"column":4},"end":{"line":337,"column":5}},{"start":{},"end":{}}],"line":335},"35":{"loc":{"start":{"line":339,"column":4},"end":{"line":341,"column":5}},"type":"if","locations":[{"start":{"line":339,"column":4},"end":{"line":341,"column":5}},{"start":{},"end":{}}],"line":339},"36":{"loc":{"start":{"line":343,"column":19},"end":{"line":343,"column":74}},"type":"cond-expr","locations":[{"start":{"line":343,"column":45},"end":{"line":343,"column":63}},{"start":{"line":343,"column":66},"end":{"line":343,"column":74}}],"line":343},"37":{"loc":{"start":{"line":355,"column":8},"end":{"line":357,"column":9}},"type":"if","locations":[{"start":{"line":355,"column":8},"end":{"line":357,"column":9}},{"start":{},"end":{}}],"line":355},"38":{"loc":{"start":{"line":371,"column":4},"end":{"line":373,"column":5}},"type":"if","locations":[{"start":{"line":371,"column":4},"end":{"line":373,"column":5}},{"start":{},"end":{}}],"line":371},"39":{"loc":{"start":{"line":383,"column":8},"end":{"line":385,"column":9}},"type":"if","locations":[{"start":{"line":383,"column":8},"end":{"line":385,"column":9}},{"start":{},"end":{}}],"line":383},"40":{"loc":{"start":{"line":400,"column":4},"end":{"line":402,"column":5}},"type":"if","locations":[{"start":{"line":400,"column":4},"end":{"line":402,"column":5}},{"start":{},"end":{}}],"line":400},"41":{"loc":{"start":{"line":400,"column":8},"end":{"line":400,"column":47}},"type":"binary-expr","locations":[{"start":{"line":400,"column":8},"end":{"line":400,"column":16}},{"start":{"line":400,"column":20},"end":{"line":400,"column":47}}],"line":400},"42":{"loc":{"start":{"line":404,"column":4},"end":{"line":406,"column":5}},"type":"if","locations":[{"start":{"line":404,"column":4},"end":{"line":406,"column":5}},{"start":{},"end":{}}],"line":404},"43":{"loc":{"start":{"line":415,"column":8},"end":{"line":417,"column":9}},"type":"if","locations":[{"start":{"line":415,"column":8},"end":{"line":417,"column":9}},{"start":{},"end":{}}],"line":415}},"s":{"0":0,"1":0,"2":0,"3":0,"4":0,"5":0,"6":0,"7":0,"8":0,"9":0,"10":0,"11":0,"12":0,"13":0,"14":0,"15":0,"16":0,"17":0,"18":0,"19":0,"20":0,"21":0,"22":0,"23":0,"24":0,"25":0,"26":0,"27":0,"28":0,"29":0,"30":0,"31":0,"32":0,"33":0,"34":0,"35":0,"36":0,"37":0,"38":0,"39":0,"40":0,"41":0,"42":0,"43":0,"44":0,"45":0,"46":0,"47":0,"48":0,"49":0,"50":0,"51":0,"52":0,"53":0,"54":0,"55":0,"56":0,"57":0,"58":0,"59":0,"60":0,"61":0,"62":0,"63":0,"64":0,"65":0,"66":0,"67":0,"68":0,"69":0,"70":0,"71":0,"72":0,"73":0,"74":0,"75":0,"76":0,"77":0,"78":0,"79":0,"80":0,"81":0,"82":0,"83":0,"84":0,"85":0,"86":0,"87":0,"88":0,"89":0,"90":0,"91":0,"92":0,"93":0,"94":0,"95":0,"96":0,"97":0,"98":0,"99":0,"100":0,"101":0,"102":0,"103":0,"104":0,"105":0,"106":0,"107":0,"108":0,"109":0,"110":0,"111":0,"112":0,"113":0,"114":0,"115":0,"116":0,"117":0,"118":0,"119":0,"120":0,"121":0,"122":0,"123":0,"124":0,"125":0,"126":0,"127":0,"128":0,"129":0,"130":0,"131":0,"132":0,"133":0,"134":0,"135":0,"136":0,"137":0,"138":0,"139":0,"140":0,"141":0,"142":0,"143":0,"144":0,"145":0,"146":0},"f":{"0":0,"1":0,"2":0,"3":0,"4":0,"5":0,"6":0,"7":0,"8":0,"9":0,"10":0,"11":0,"12":0,"13":0,"14":0,"15":0},"b":{"0":[0,0],"1":[0,0],"2":[0,0],"3":[0,0],"4":[0,0],"5":[0,0],"6":[0,0],"7":[0,0],"8":[0,0],"9":[0,0],"10":[0,0],"11":[0,0],"12":[0,0],"13":[0,0],"14":[0,0],"15":[0,0],"16":[0,0],"17":[0,0],"18":[0,0],"19":[0,0],"20":[0,0],"21":[0,0],"22":[0,0],"23":[0,0],"24":[0,0],"25":[0,0],"26":[0,0],"27":[0],"28":[0,0],"29":[0,0],"30":[0],"31":[0,0],"32":[0,0],"33":[0],"34":[0,0],"35":[0,0],"36":[0,0],"37":[0,0],"38":[0,0],"39":[0,0],"40":[0,0],"41":[0,0],"42":[0,0],"43":[0,0]},"inputSourceMap":null}
}
