TN:
SF:src\config\db.js
FN:18,(anonymous_0)
FNF:1
FNH:0
FNDA:0,(anonymous_0)
DA:18,0
DA:19,0
DA:20,0
DA:21,0
DA:23,0
DA:24,0
LF:6
LH:0
BRF:0
BRH:0
end_of_record
TN:
SF:src\config\gemini.js
FNF:0
FNH:0
DA:16,0
LF:1
LH:0
BRF:0
BRH:0
end_of_record
TN:
SF:src\config\jwt.config.js
FN:40,(anonymous_0)
FN:66,(anonymous_1)
FNF:2
FNH:1
FNDA:0,(anonymous_0)
FNDA:3,(anonymous_1)
DA:11,1
DA:17,1
DA:23,1
DA:40,1
DA:41,0
DA:66,1
DA:67,3
DA:68,3
DA:70,3
LF:9
LH:8
BRDA:17,0,0,1
BRDA:17,0,1,0
BRF:2
BRH:1
end_of_record
TN:
SF:src\controllers\recommendationController.js
FN:24,(anonymous_0)
FNF:1
FNH:0
FNDA:0,(anonymous_0)
DA:24,0
DA:25,0
DA:27,0
DA:29,0
DA:30,0
DA:36,0
DA:37,0
DA:43,0
DA:44,0
DA:46,0
DA:54,0
DA:55,0
LF:12
LH:0
BRDA:27,0,0,0
BRDA:29,1,0,0
BRDA:29,1,1,0
BRDA:29,2,0,0
BRDA:29,2,1,0
BRDA:36,3,0,0
BRDA:36,3,1,0
BRDA:50,4,0,0
BRDA:50,4,1,0
BRF:9
BRH:0
end_of_record
TN:
SF:src\controllers\review.controller.js
FN:27,(anonymous_0)
FN:80,(anonymous_1)
FN:100,(anonymous_2)
FN:127,(anonymous_3)
FN:159,(anonymous_4)
FN:205,(anonymous_5)
FN:255,(anonymous_6)
FN:295,(anonymous_7)
FN:326,(anonymous_8)
FN:361,(anonymous_9)
FN:395,(anonymous_10)
FN:419,(anonymous_11)
FN:452,(anonymous_12)
FN:519,(anonymous_13)
FN:555,(anonymous_14)
FNF:15
FNH:0
FNDA:0,(anonymous_0)
FNDA:0,(anonymous_1)
FNDA:0,(anonymous_2)
FNDA:0,(anonymous_3)
FNDA:0,(anonymous_4)
FNDA:0,(anonymous_5)
FNDA:0,(anonymous_6)
FNDA:0,(anonymous_7)
FNDA:0,(anonymous_8)
FNDA:0,(anonymous_9)
FNDA:0,(anonymous_10)
FNDA:0,(anonymous_11)
FNDA:0,(anonymous_12)
FNDA:0,(anonymous_13)
FNDA:0,(anonymous_14)
DA:10,0
DA:28,0
DA:38,0
DA:40,0
DA:41,0
DA:42,0
DA:45,0
DA:46,0
DA:47,0
DA:52,0
DA:63,0
DA:68,0
DA:69,0
DA:81,0
DA:82,0
DA:84,0
DA:86,0
DA:87,0
DA:101,0
DA:102,0
DA:104,0
DA:106,0
DA:107,0
DA:110,0
DA:112,0
DA:113,0
DA:128,0
DA:129,0
DA:131,0
DA:137,0
DA:139,0
DA:140,0
DA:160,0
DA:161,0
DA:162,0
DA:164,0
DA:165,0
DA:166,0
DA:169,0
DA:170,0
DA:173,0
DA:174,0
DA:175,0
DA:176,0
DA:177,0
DA:179,0
DA:185,0
DA:190,0
DA:191,0
DA:206,0
DA:207,0
DA:208,0
DA:210,0
DA:211,0
DA:212,0
DA:215,0
DA:216,0
DA:217,0
DA:221,0
DA:224,0
DA:225,0
DA:230,0
DA:236,0
DA:238,0
DA:239,0
DA:256,0
DA:257,0
DA:258,0
DA:260,0
DA:261,0
DA:262,0
DA:265,0
DA:266,0
DA:269,0
DA:275,0
DA:280,0
DA:281,0
DA:296,0
DA:297,0
DA:299,0
DA:300,0
DA:301,0
DA:304,0
DA:305,0
DA:308,0
DA:309,0
DA:311,0
DA:312,0
DA:327,0
DA:328,0
DA:330,0
DA:331,0
DA:334,0
DA:335,0
DA:336,0
DA:339,0
DA:344,0
DA:346,0
DA:347,0
DA:362,0
DA:363,0
DA:365,0
DA:366,0
DA:369,0
DA:370,0
DA:371,0
DA:374,0
DA:379,0
DA:381,0
DA:382,0
DA:396,0
DA:397,0
DA:399,0
DA:403,0
DA:405,0
DA:406,0
DA:420,0
DA:421,0
DA:423,0
DA:424,0
DA:425,0
DA:428,0
DA:429,0
DA:432,0
DA:433,0
DA:435,0
DA:436,0
DA:453,0
DA:454,0
DA:455,0
DA:457,0
DA:458,0
DA:459,0
DA:462,0
DA:464,0
DA:465,0
DA:466,0
DA:471,0
DA:472,0
DA:477,0
DA:484,0
DA:486,0
DA:487,0
DA:492,0
DA:499,0
DA:501,0
DA:502,0
DA:520,0
DA:521,0
DA:522,0
DA:524,0
DA:525,0
DA:526,0
DA:529,0
DA:536,0
DA:541,0
DA:542,0
DA:556,0
DA:557,0
DA:559,0
DA:563,0
DA:565,0
DA:566,0
LF:163
LH:0
BRDA:36,0,0,0
BRDA:37,1,0,0
BRDA:41,2,0,0
BRDA:41,2,1,0
BRDA:46,3,0,0
BRDA:46,3,1,0
BRDA:106,4,0,0
BRDA:106,4,1,0
BRDA:165,5,0,0
BRDA:165,5,1,0
BRDA:169,6,0,0
BRDA:169,6,1,0
BRDA:169,7,0,0
BRDA:169,7,1,0
BRDA:169,7,2,0
BRDA:174,8,0,0
BRDA:174,8,1,0
BRDA:175,9,0,0
BRDA:175,9,1,0
BRDA:176,10,0,0
BRDA:176,10,1,0
BRDA:177,11,0,0
BRDA:177,11,1,0
BRDA:211,12,0,0
BRDA:211,12,1,0
BRDA:216,13,0,0
BRDA:216,13,1,0
BRDA:224,14,0,0
BRDA:224,14,1,0
BRDA:261,15,0,0
BRDA:261,15,1,0
BRDA:265,16,0,0
BRDA:265,16,1,0
BRDA:265,17,0,0
BRDA:265,17,1,0
BRDA:265,17,2,0
BRDA:300,18,0,0
BRDA:300,18,1,0
BRDA:304,19,0,0
BRDA:304,19,1,0
BRDA:304,20,0,0
BRDA:304,20,1,0
BRDA:304,20,2,0
BRDA:330,21,0,0
BRDA:330,21,1,0
BRDA:330,22,0,0
BRDA:330,22,1,0
BRDA:335,23,0,0
BRDA:335,23,1,0
BRDA:365,24,0,0
BRDA:365,24,1,0
BRDA:365,25,0,0
BRDA:365,25,1,0
BRDA:370,26,0,0
BRDA:370,26,1,0
BRDA:424,27,0,0
BRDA:424,27,1,0
BRDA:428,28,0,0
BRDA:428,28,1,0
BRDA:428,29,0,0
BRDA:428,29,1,0
BRDA:428,29,2,0
BRDA:458,30,0,0
BRDA:458,30,1,0
BRDA:464,31,0,0
BRDA:464,31,1,0
BRDA:465,32,0,0
BRDA:465,32,1,0
BRDA:471,33,0,0
BRDA:471,33,1,0
BRDA:486,34,0,0
BRDA:486,34,1,0
BRDA:525,35,0,0
BRDA:525,35,1,0
BRDA:533,36,0,0
BRDA:533,36,1,0
BRF:76
BRH:0
end_of_record
TN:
SF:src\controllers\user.controller.js
FN:23,(anonymous_0)
FN:92,(anonymous_1)
FN:140,(anonymous_2)
FN:160,(anonymous_3)
FN:192,(anonymous_4)
FN:290,(anonymous_5)
FN:340,(anonymous_6)
FN:374,(anonymous_7)
FN:425,(anonymous_8)
FN:462,(anonymous_9)
FN:500,(anonymous_10)
FN:551,(anonymous_11)
FN:582,(anonymous_12)
FN:588,(anonymous_13)
FNF:14
FNH:0
FNDA:0,(anonymous_0)
FNDA:0,(anonymous_1)
FNDA:0,(anonymous_2)
FNDA:0,(anonymous_3)
FNDA:0,(anonymous_4)
FNDA:0,(anonymous_5)
FNDA:0,(anonymous_6)
FNDA:0,(anonymous_7)
FNDA:0,(anonymous_8)
FNDA:0,(anonymous_9)
FNDA:0,(anonymous_10)
FNDA:0,(anonymous_11)
FNDA:0,(anonymous_12)
FNDA:0,(anonymous_13)
DA:10,0
DA:24,0
DA:26,0
DA:27,0
DA:28,0
DA:31,0
DA:34,0
DA:38,0
DA:39,0
DA:45,0
DA:46,0
DA:50,0
DA:51,0
DA:54,0
DA:62,0
DA:65,0
DA:66,0
DA:69,0
DA:71,0
DA:77,0
DA:78,0
DA:93,0
DA:94,0
DA:97,0
DA:98,0
DA:99,0
DA:103,0
DA:104,0
DA:108,0
DA:109,0
DA:110,0
DA:114,0
DA:116,0
DA:128,0
DA:129,0
DA:141,0
DA:142,0
DA:144,0
DA:146,0
DA:147,0
DA:161,0
DA:162,0
DA:164,0
DA:166,0
DA:167,0
DA:170,0
DA:172,0
DA:173,0
DA:193,0
DA:194,0
DA:210,0
DA:213,0
DA:214,0
DA:215,0
DA:220,0
DA:221,0
DA:222,0
DA:226,0
DA:229,0
DA:230,0
DA:233,0
DA:234,0
DA:235,0
DA:236,0
DA:237,0
DA:238,0
DA:239,0
DA:240,0
DA:241,0
DA:243,0
DA:244,0
DA:245,0
DA:247,0
DA:252,0
DA:253,0
DA:254,0
DA:256,0
DA:257,0
DA:261,0
DA:267,0
DA:272,0
DA:273,0
DA:291,0
DA:292,0
DA:293,0
DA:296,0
DA:297,0
DA:298,0
DA:303,0
DA:304,0
DA:305,0
DA:309,0
DA:310,0
DA:311,0
DA:312,0
DA:317,0
DA:318,0
DA:321,0
DA:323,0
DA:325,0
DA:326,0
DA:341,0
DA:342,0
DA:345,0
DA:346,0
DA:347,0
DA:351,0
DA:352,0
DA:355,0
DA:357,0
DA:358,0
DA:375,0
DA:376,0
DA:377,0
DA:379,0
DA:380,0
DA:384,0
DA:385,0
DA:386,0
DA:390,0
DA:391,0
DA:395,0
DA:401,0
DA:410,0
DA:411,0
DA:426,0
DA:427,0
DA:430,0
DA:436,0
DA:437,0
DA:441,0
DA:442,0
DA:445,0
DA:447,0
DA:448,0
DA:463,0
DA:464,0
DA:467,0
DA:473,0
DA:474,0
DA:478,0
DA:479,0
DA:482,0
DA:484,0
DA:485,0
DA:501,0
DA:502,0
DA:504,0
DA:505,0
DA:508,0
DA:521,0
DA:530,0
DA:537,0
DA:538,0
DA:552,0
DA:553,0
DA:555,0
DA:556,0
DA:557,0
DA:560,0
DA:570,0
DA:572,0
DA:573,0
DA:583,0
DA:588,0
DA:589,0
LF:166
LH:0
BRDA:27,0,0,0
BRDA:27,0,1,0
BRDA:31,1,0,0
BRDA:38,2,0,0
BRDA:38,2,1,0
BRDA:45,3,0,0
BRDA:45,3,1,0
BRDA:98,4,0,0
BRDA:98,4,1,0
BRDA:103,5,0,0
BRDA:103,5,1,0
BRDA:109,6,0,0
BRDA:109,6,1,0
BRDA:166,7,0,0
BRDA:166,7,1,0
BRDA:214,8,0,0
BRDA:214,8,1,0
BRDA:221,9,0,0
BRDA:221,9,1,0
BRDA:221,10,0,0
BRDA:221,10,1,0
BRDA:221,10,2,0
BRDA:229,11,0,0
BRDA:229,11,1,0
BRDA:230,12,0,0
BRDA:230,12,1,0
BRDA:233,13,0,0
BRDA:233,13,1,0
BRDA:234,14,0,0
BRDA:234,14,1,0
BRDA:235,15,0,0
BRDA:235,15,1,0
BRDA:236,16,0,0
BRDA:236,16,1,0
BRDA:237,17,0,0
BRDA:237,17,1,0
BRDA:238,18,0,0
BRDA:238,18,1,0
BRDA:239,19,0,0
BRDA:239,19,1,0
BRDA:240,20,0,0
BRDA:240,20,1,0
BRDA:241,21,0,0
BRDA:241,21,1,0
BRDA:243,22,0,0
BRDA:243,22,1,0
BRDA:244,23,0,0
BRDA:244,23,1,0
BRDA:252,24,0,0
BRDA:252,24,1,0
BRDA:252,25,0,0
BRDA:252,25,1,0
BRDA:253,26,0,0
BRDA:253,26,1,0
BRDA:253,27,0,0
BRDA:253,27,1,0
BRDA:256,28,0,0
BRDA:256,28,1,0
BRDA:297,29,0,0
BRDA:297,29,1,0
BRDA:304,30,0,0
BRDA:304,30,1,0
BRDA:304,31,0,0
BRDA:304,31,1,0
BRDA:304,31,2,0
BRDA:309,32,0,0
BRDA:309,32,1,0
BRDA:309,33,0,0
BRDA:309,33,1,0
BRDA:311,34,0,0
BRDA:311,34,1,0
BRDA:346,35,0,0
BRDA:346,35,1,0
BRDA:351,36,0,0
BRDA:351,36,1,0
BRDA:351,37,0,0
BRDA:351,37,1,0
BRDA:379,38,0,0
BRDA:379,38,1,0
BRDA:385,39,0,0
BRDA:385,39,1,0
BRDA:390,40,0,0
BRDA:390,40,1,0
BRDA:390,41,0,0
BRDA:390,41,1,0
BRDA:436,42,0,0
BRDA:436,42,1,0
BRDA:441,43,0,0
BRDA:441,43,1,0
BRDA:441,44,0,0
BRDA:441,44,1,0
BRDA:473,45,0,0
BRDA:473,45,1,0
BRDA:478,46,0,0
BRDA:478,46,1,0
BRDA:478,47,0,0
BRDA:478,47,1,0
BRDA:502,48,0,0
BRDA:502,49,0,0
BRDA:504,50,0,0
BRDA:504,50,1,0
BRDA:556,51,0,0
BRDA:556,51,1,0
BRDA:566,52,0,0
BRDA:566,52,1,0
BRDA:588,53,0,0
BRDA:588,53,1,0
BRF:107
BRH:0
end_of_record
TN:
SF:src\controllers\userInteraction.controller.js
FN:26,(anonymous_0)
FN:88,(anonymous_1)
FN:99,(anonymous_2)
FN:123,(anonymous_3)
FN:132,(anonymous_4)
FN:145,(anonymous_5)
FN:167,(anonymous_6)
FN:194,(anonymous_7)
FN:243,(anonymous_8)
FN:277,(anonymous_9)
FN:301,(anonymous_10)
FN:348,(anonymous_11)
FN:379,(anonymous_12)
FN:408,(anonymous_13)
FN:434,(anonymous_14)
FN:457,(anonymous_15)
FN:505,(anonymous_16)
FN:534,(anonymous_17)
FN:558,(anonymous_18)
FN:582,(anonymous_19)
FNF:20
FNH:0
FNDA:0,(anonymous_0)
FNDA:0,(anonymous_1)
FNDA:0,(anonymous_2)
FNDA:0,(anonymous_3)
FNDA:0,(anonymous_4)
FNDA:0,(anonymous_5)
FNDA:0,(anonymous_6)
FNDA:0,(anonymous_7)
FNDA:0,(anonymous_8)
FNDA:0,(anonymous_9)
FNDA:0,(anonymous_10)
FNDA:0,(anonymous_11)
FNDA:0,(anonymous_12)
FNDA:0,(anonymous_13)
FNDA:0,(anonymous_14)
FNDA:0,(anonymous_15)
FNDA:0,(anonymous_16)
FNDA:0,(anonymous_17)
FNDA:0,(anonymous_18)
FNDA:0,(anonymous_19)
DA:13,0
DA:27,0
DA:28,0
DA:29,0
DA:31,0
DA:33,0
DA:34,0
DA:40,0
DA:48,0
DA:54,0
DA:61,0
DA:69,0
DA:74,0
DA:75,0
DA:89,0
DA:90,0
DA:91,0
DA:93,0
DA:94,0
DA:97,0
DA:98,0
DA:99,0
DA:100,0
DA:103,0
DA:109,0
DA:110,0
DA:124,0
DA:125,0
DA:126,0
DA:128,0
DA:129,0
DA:132,0
DA:143,0
DA:144,0
DA:145,0
DA:146,0
DA:149,0
DA:155,0
DA:156,0
DA:168,0
DA:169,0
DA:170,0
DA:172,0
DA:177,0
DA:178,0
DA:195,0
DA:196,0
DA:197,0
DA:199,0
DA:201,0
DA:202,0
DA:207,0
DA:214,0
DA:222,0
DA:227,0
DA:228,0
DA:244,0
DA:245,0
DA:246,0
DA:248,0
DA:254,0
DA:255,0
DA:258,0
DA:263,0
DA:264,0
DA:278,0
DA:279,0
DA:281,0
DA:283,0
DA:285,0
DA:286,0
DA:302,0
DA:303,0
DA:304,0
DA:306,0
DA:308,0
DA:309,0
DA:314,0
DA:320,0
DA:327,0
DA:332,0
DA:333,0
DA:349,0
DA:350,0
DA:352,0
DA:358,0
DA:359,0
DA:362,0
DA:364,0
DA:365,0
DA:380,0
DA:381,0
DA:383,0
DA:389,0
DA:390,0
DA:393,0
DA:395,0
DA:396,0
DA:409,0
DA:410,0
DA:412,0
DA:414,0
DA:415,0
DA:418,0
DA:420,0
DA:421,0
DA:435,0
DA:436,0
DA:438,0
DA:440,0
DA:442,0
DA:443,0
DA:458,0
DA:459,0
DA:460,0
DA:462,0
DA:463,0
DA:466,0
DA:468,0
DA:469,0
DA:474,0
DA:479,0
DA:485,0
DA:490,0
DA:491,0
DA:506,0
DA:507,0
DA:509,0
DA:514,0
DA:515,0
DA:518,0
DA:520,0
DA:521,0
DA:535,0
DA:536,0
DA:538,0
DA:542,0
DA:544,0
DA:545,0
DA:559,0
DA:560,0
DA:562,0
DA:566,0
DA:568,0
DA:569,0
DA:583,0
DA:584,0
DA:586,0
DA:591,0
DA:593,0
DA:594,0
LF:151
LH:0
BRDA:33,0,0,0
BRDA:33,0,1,0
BRDA:98,1,0,0
BRDA:98,1,1,0
BRDA:144,2,0,0
BRDA:144,2,1,0
BRDA:196,3,0,0
BRDA:201,4,0,0
BRDA:201,4,1,0
BRDA:254,5,0,0
BRDA:254,5,1,0
BRDA:308,6,0,0
BRDA:308,6,1,0
BRDA:358,7,0,0
BRDA:358,7,1,0
BRDA:389,8,0,0
BRDA:389,8,1,0
BRDA:414,9,0,0
BRDA:414,9,1,0
BRDA:462,10,0,0
BRDA:462,10,1,0
BRDA:468,11,0,0
BRDA:468,11,1,0
BRDA:514,12,0,0
BRDA:514,12,1,0
BRF:25
BRH:0
end_of_record
TN:
SF:src\middleware\auth.middleware.js
FN:29,(anonymous_0)
FN:70,(anonymous_1)
FN:71,(anonymous_2)
FNF:3
FNH:3
FNDA:6,(anonymous_0)
FNDA:4,(anonymous_1)
FNDA:4,(anonymous_2)
DA:29,1
DA:30,6
DA:31,6
DA:32,6
DA:34,6
DA:35,3
DA:38,3
DA:39,0
DA:41,0
DA:42,0
DA:45,0
DA:52,0
DA:54,3
DA:70,1
DA:71,4
DA:72,4
DA:73,0
DA:76,4
DA:77,2
DA:82,2
LF:20
LH:14
BRDA:32,0,0,6
BRDA:32,0,1,5
BRDA:34,1,0,3
BRDA:34,1,1,3
BRDA:41,2,0,0
BRDA:41,2,1,0
BRDA:41,3,0,0
BRDA:41,3,1,0
BRDA:72,4,0,0
BRDA:72,4,1,4
BRDA:76,5,0,2
BRDA:76,5,1,2
BRF:12
BRH:7
end_of_record
TN:
SF:src\models\review\review.model.js
FNF:0
FNH:0
DA:27,0
DA:86,0
LF:2
LH:0
BRF:0
BRH:0
end_of_record
TN:
SF:src\models\review\reviewComment.model.js
FNF:0
FNH:0
DA:3,0
DA:28,0
LF:2
LH:0
BRF:0
BRH:0
end_of_record
TN:
SF:src\models\review\reviewLike.model.js
FNF:0
FNH:0
DA:3,0
DA:22,0
DA:24,0
LF:3
LH:0
BRF:0
BRH:0
end_of_record
TN:
SF:src\models\user\user.model.js
FNF:0
FNH:0
DA:31,1
DA:108,1
LF:2
LH:2
BRF:0
BRH:0
end_of_record
TN:
SF:src\models\user\userActivity.model.js
FNF:0
FNH:0
DA:3,0
DA:29,0
LF:2
LH:0
BRF:0
BRH:0
end_of_record
TN:
SF:src\models\user\userFavorite.model.js
FNF:0
FNH:0
DA:3,0
DA:22,0
DA:24,0
LF:3
LH:0
BRF:0
BRH:0
end_of_record
TN:
SF:src\models\user\userFollow.model.js
FNF:0
FNH:0
DA:3,0
DA:18,0
DA:20,0
LF:3
LH:0
BRF:0
BRH:0
end_of_record
TN:
SF:src\models\user\userRating.model.js
FNF:0
FNH:0
DA:20,0
DA:48,0
DA:54,0
LF:3
LH:0
BRF:0
BRH:0
end_of_record
TN:
SF:src\models\user\userWatchlist.model.js
FNF:0
FNH:0
DA:3,0
DA:27,0
DA:29,0
LF:3
LH:0
BRF:0
BRH:0
end_of_record
TN:
SF:src\routes\recommendationRoutes.js
FNF:0
FNH:0
DA:9,0
DA:19,0
LF:2
LH:0
BRF:0
BRH:0
end_of_record
TN:
SF:src\routes\review.routes.js
FNF:0
FNH:0
DA:12,0
DA:18,0
DA:32,0
DA:42,0
DA:52,0
DA:62,0
DA:72,0
DA:86,0
DA:100,0
DA:110,0
DA:124,0
DA:134,0
DA:144,0
DA:154,0
DA:169,0
DA:180,0
DA:194,0
LF:17
LH:0
BRF:0
BRH:0
end_of_record
TN:
SF:src\routes\user.routes.js
FNF:0
FNH:0
DA:12,0
DA:25,0
DA:34,0
DA:40,0
DA:54,0
DA:64,0
DA:74,0
DA:84,0
DA:94,0
DA:109,0
DA:120,0
DA:131,0
DA:142,0
DA:153,0
LF:14
LH:0
BRF:0
BRH:0
end_of_record
TN:
SF:src\routes\userInteraction.routes.js
FNF:0
FNH:0
DA:12,0
DA:18,0
DA:32,0
DA:42,0
DA:52,0
DA:62,0
DA:72,0
DA:86,0
DA:96,0
DA:106,0
DA:116,0
DA:130,0
DA:140,0
DA:150,0
DA:164,0
DA:174,0
DA:184,0
DA:194,0
DA:208,0
LF:19
LH:0
BRF:0
BRH:0
end_of_record
TN:
SF:src\services\recommendationService.js
FN:50,getMovieRecommendations
FN:60,(anonymous_1)
FN:63,(anonymous_2)
FN:64,(anonymous_3)
FN:65,(anonymous_4)
FN:85,(anonymous_5)
FNF:6
FNH:0
FNDA:0,getMovieRecommendations
FNDA:0,(anonymous_1)
FNDA:0,(anonymous_2)
FNDA:0,(anonymous_3)
FNDA:0,(anonymous_4)
FNDA:0,(anonymous_5)
DA:15,0
DA:51,0
DA:53,0
DA:54,0
DA:57,0
DA:60,0
DA:63,0
DA:64,0
DA:65,0
DA:68,0
DA:72,0
DA:85,0
DA:125,0
DA:126,0
DA:127,0
DA:128,0
DA:130,0
DA:133,0
DA:136,0
DA:137,0
DA:138,0
DA:139,0
DA:141,0
DA:143,0
DA:144,0
DA:145,0
DA:150,0
DA:151,0
DA:153,0
DA:154,0
DA:158,0
DA:159,0
DA:160,0
DA:163,0
DA:166,0
DA:167,0
DA:171,0
DA:172,0
DA:173,0
DA:176,0
DA:177,0
DA:179,0
DA:184,0
DA:185,0
DA:187,0
DA:193,0
DA:194,0
LF:47
LH:0
BRDA:50,0,0,0
BRDA:53,1,0,0
BRDA:53,1,1,0
BRDA:53,2,0,0
BRDA:53,2,1,0
BRDA:68,3,0,0
BRDA:68,3,1,0
BRDA:136,4,0,0
BRDA:136,4,1,0
BRDA:138,5,0,0
BRDA:138,5,1,0
BRDA:141,6,0,0
BRDA:141,6,1,0
BRDA:144,7,0,0
BRDA:144,7,1,0
BRDA:153,8,0,0
BRDA:153,8,1,0
BRDA:153,9,0,0
BRDA:153,9,1,0
BRDA:153,9,2,0
BRDA:158,10,0,0
BRDA:158,10,1,0
BRDA:158,11,0,0
BRDA:158,11,1,0
BRDA:166,12,0,0
BRDA:166,12,1,0
BRDA:166,13,0,0
BRDA:166,13,1,0
BRDA:172,14,0,0
BRDA:172,14,1,0
BRDA:172,15,0,0
BRDA:172,15,1,0
BRDA:172,15,2,0
BRDA:176,16,0,0
BRDA:176,16,1,0
BRDA:176,17,0,0
BRDA:176,17,1,0
BRDA:176,17,2,0
BRF:38
BRH:0
end_of_record
TN:
SF:src\services\tmdbService.js
FN:13,searchMovieId
FN:61,findBestMatch
FN:63,(anonymous_2)
FN:67,(anonymous_3)
FN:94,(anonymous_4)
FN:112,enrichRecommendationsWithTmdbIds
FN:131,(anonymous_6)
FN:147,searchMovies
FN:177,getMovieDetails
FN:210,searchTVShows
FN:240,getTVShowDetails
FN:273,getPopularMovies
FN:303,getTopRatedMovies
FN:334,getMoviesByGenre
FN:370,getGenres
FN:399,getMovieCredits
FNF:16
FNH:0
FNDA:0,searchMovieId
FNDA:0,findBestMatch
FNDA:0,(anonymous_2)
FNDA:0,(anonymous_3)
FNDA:0,(anonymous_4)
FNDA:0,enrichRecommendationsWithTmdbIds
FNDA:0,(anonymous_6)
FNDA:0,searchMovies
FNDA:0,getMovieDetails
FNDA:0,searchTVShows
FNDA:0,getTVShowDetails
FNDA:0,getPopularMovies
FNDA:0,getTopRatedMovies
FNDA:0,getMoviesByGenre
FNDA:0,getGenres
FNDA:0,getMovieCredits
DA:4,0
DA:5,0
DA:14,0
DA:15,0
DA:16,0
DA:19,0
DA:21,0
DA:22,0
DA:31,0
DA:33,0
DA:34,0
DA:35,0
DA:39,0
DA:41,0
DA:42,0
DA:43,0
DA:46,0
DA:49,0
DA:50,0
DA:63,0
DA:64,0
DA:67,0
DA:68,0
DA:69,0
DA:71,0
DA:74,0
DA:75,0
DA:76,0
DA:77,0
DA:81,0
DA:82,0
DA:83,0
DA:84,0
DA:88,0
DA:90,0
DA:94,0
DA:97,0
DA:100,0
DA:101,0
DA:104,0
DA:113,0
DA:114,0
DA:115,0
DA:118,0
DA:120,0
DA:121,0
DA:123,0
DA:124,0
DA:125,0
DA:128,0
DA:131,0
DA:134,0
DA:135,0
DA:139,0
DA:148,0
DA:149,0
DA:152,0
DA:153,0
DA:161,0
DA:162,0
DA:165,0
DA:167,0
DA:168,0
DA:178,0
DA:179,0
DA:182,0
DA:183,0
DA:186,0
DA:187,0
DA:194,0
DA:195,0
DA:198,0
DA:200,0
DA:201,0
DA:211,0
DA:212,0
DA:215,0
DA:216,0
DA:224,0
DA:225,0
DA:228,0
DA:230,0
DA:231,0
DA:241,0
DA:242,0
DA:245,0
DA:246,0
DA:249,0
DA:250,0
DA:257,0
DA:258,0
DA:261,0
DA:263,0
DA:264,0
DA:274,0
DA:275,0
DA:278,0
DA:279,0
DA:287,0
DA:288,0
DA:291,0
DA:293,0
DA:294,0
DA:304,0
DA:305,0
DA:308,0
DA:309,0
DA:317,0
DA:318,0
DA:321,0
DA:323,0
DA:324,0
DA:335,0
DA:336,0
DA:339,0
DA:340,0
DA:343,0
DA:345,0
DA:346,0
DA:355,0
DA:356,0
DA:359,0
DA:361,0
DA:362,0
DA:371,0
DA:372,0
DA:375,0
DA:376,0
DA:383,0
DA:384,0
DA:387,0
DA:389,0
DA:390,0
DA:400,0
DA:401,0
DA:404,0
DA:405,0
DA:408,0
DA:409,0
DA:415,0
DA:416,0
DA:419,0
DA:421,0
DA:422,0
LF:144
LH:0
BRDA:14,0,0,0
BRDA:14,0,1,0
BRDA:33,1,0,0
BRDA:33,1,1,0
BRDA:33,2,0,0
BRDA:33,2,1,0
BRDA:41,3,0,0
BRDA:41,3,1,0
BRDA:68,4,0,0
BRDA:68,4,1,0
BRDA:74,5,0,0
BRDA:74,5,1,0
BRDA:76,6,0,0
BRDA:76,6,1,0
BRDA:76,7,0,0
BRDA:76,7,1,0
BRDA:81,8,0,0
BRDA:81,8,1,0
BRDA:83,9,0,0
BRDA:83,9,1,0
BRDA:83,10,0,0
BRDA:83,10,1,0
BRDA:100,11,0,0
BRDA:100,11,1,0
BRDA:100,12,0,0
BRDA:100,12,1,0
BRDA:113,13,0,0
BRDA:113,13,1,0
BRDA:123,14,0,0
BRDA:123,14,1,0
BRDA:148,15,0,0
BRDA:148,15,1,0
BRDA:161,16,0,0
BRDA:161,16,1,0
BRDA:178,17,0,0
BRDA:178,17,1,0
BRDA:178,18,0,0
BRDA:178,18,1,0
BRDA:182,19,0,0
BRDA:182,19,1,0
BRDA:194,20,0,0
BRDA:194,20,1,0
BRDA:211,21,0,0
BRDA:211,21,1,0
BRDA:224,22,0,0
BRDA:224,22,1,0
BRDA:241,23,0,0
BRDA:241,23,1,0
BRDA:241,24,0,0
BRDA:241,24,1,0
BRDA:245,25,0,0
BRDA:245,25,1,0
BRDA:257,26,0,0
BRDA:257,26,1,0
BRDA:273,27,0,0
BRDA:274,28,0,0
BRDA:274,28,1,0
BRDA:287,29,0,0
BRDA:287,29,1,0
BRDA:303,30,0,0
BRDA:304,31,0,0
BRDA:304,31,1,0
BRDA:317,32,0,0
BRDA:317,32,1,0
BRDA:334,33,0,0
BRDA:335,34,0,0
BRDA:335,34,1,0
BRDA:339,35,0,0
BRDA:339,35,1,0
BRDA:343,36,0,0
BRDA:343,36,1,0
BRDA:355,37,0,0
BRDA:355,37,1,0
BRDA:371,38,0,0
BRDA:371,38,1,0
BRDA:383,39,0,0
BRDA:383,39,1,0
BRDA:400,40,0,0
BRDA:400,40,1,0
BRDA:400,41,0,0
BRDA:400,41,1,0
BRDA:404,42,0,0
BRDA:404,42,1,0
BRDA:415,43,0,0
BRDA:415,43,1,0
BRF:85
BRH:0
end_of_record
